{"meta": {"format": 3, "version": "7.11.3", "timestamp": "2026-02-01T11:24:02.306844", "branch_coverage": false, "show_contexts": false}, "files": {"src/__init__.py": {"executed_lines": [1, 3], "summary": {"covered_lines": 1, "num_statements": 1, "percent_covered": 100.0, "percent_covered_display": "100", "missing_lines": 0, "excluded_lines": 0}, "missing_lines": [], "excluded_lines": [], "functions": {"": {"executed_lines": [1, 3], "summary": {"covered_lines": 1, "num_statements": 1, "percent_covered": 100.0, "percent_covered_display": "100", "missing_lines": 0, "excluded_lines": 0}, "missing_lines": [], "excluded_lines": []}}, "classes": {"": {"executed_lines": [1, 3], "summary": {"covered_lines": 1, "num_statements": 1, "percent_covered": 100.0, "percent_covered_display": "100", "missing_lines": 0, "excluded_lines": 0}, "missing_lines": [], "excluded_lines": []}}}, "src/backtesting/__init__.py": {"executed_lines": [1, 28, 29, 30, 36], "summary": {"covered_lines": 4, "num_statements": 4, "percent_covered": 100.0, "percent_covered_display": "100", "missing_lines": 0, "excluded_lines": 0}, "missing_lines": [], "excluded_lines": [], "functions": {"": {"executed_lines": [1, 28, 29, 30, 36], "summary": {"covered_lines": 4, "num_statements": 4, "percent_covered": 100.0, "percent_covered_display": "100", "missing_lines": 0, "excluded_lines": 0}, "missing_lines": [], "excluded_lines": []}}, "classes": {"": {"executed_lines": [1, 28, 29, 30, 36], "summary": {"covered_lines": 4, "num_statements": 4, "percent_covered": 100.0, "percent_covered_display": "100", "missing_lines": 0, "excluded_lines": 0}, "missing_lines": [], "excluded_lines": []}}}, "src/backtesting/backtester.py": {"executed_lines": [1, 17, 18, 19, 20, 21, 22, 23, 24, 26, 27, 28, 29, 30, 33, 34, 35, 37, 38, 39, 40, 41, 42, 43, 44, 45, 48, 49, 50, 52, 53, 56, 57, 58, 59, 62, 63, 64, 65, 68, 69, 70, 71, 74, 77, 78, 81, 82, 88, 102, 103, 104, 105, 108, 111, 112, 114, 131, 136, 139, 140, 141, 144, 145, 146, 147, 150, 151, 152, 153, 154, 156, 157, 158, 159, 161, 162, 164, 166, 218, 226, 228, 230, 232, 234, 235, 237, 238, 240, 242, 243, 246, 255, 265, 272, 274, 275, 278, 279, 283, 288, 292, 295, 296, 297, 300, 304, 307, 308, 311, 323, 325, 327, 328, 330, 331, 333, 334, 335, 336, 338, 339, 341, 342, 343, 345, 347, 349, 350, 351, 352, 353, 354, 355, 356, 357, 358, 359, 360, 361, 362, 363, 364, 365, 368, 369, 375, 377, 379, 396, 399, 401, 402, 403, 404, 406, 408, 410, 411, 412, 413, 414, 416, 417, 423], "summary": {"covered_lines": 160, "num_statements": 183, "percent_covered": 87.43169398907104, "percent_covered_display": "87", "missing_lines": 23, "excluded_lines": 0}, "missing_lines": [185, 190, 193, 194, 195, 198, 199, 202, 203, 204, 205, 206, 208, 209, 210, 211, 213, 214, 216, 280, 289, 301, 397], "excluded_lines": [], "functions": {"Backtester.__init__": {"executed_lines": [102, 103, 104, 105, 108, 111, 112], "summary": {"covered_lines": 7, "num_statements": 7, "percent_covered": 100.0, "percent_covered_display": "100", "missing_lines": 0, "excluded_lines": 0}, "missing_lines": [], "excluded_lines": []}, "Backtester.backtest_date": {"executed_lines": [131, 136, 139, 140, 141, 144, 145, 146, 147, 150, 151, 152, 153, 154, 156, 157, 158, 159, 161, 162, 164], "summary": {"covered_lines": 21, "num_statements": 21, "percent_covered": 100.0, "percent_covered_display": "100", "missing_lines": 0, "excluded_lines": 0}, "missing_lines": [], "excluded_lines": []}, "Backtester.backtest_date_range": {"executed_lines": [], "summary": {"covered_lines": 0, "num_statements": 19, "percent_covered": 0.0, "percent_covered_display": "0", "missing_lines": 19, "excluded_lines": 0}, "missing_lines": [185, 190, 193, 194, 195, 198, 199, 202, 203, 204, 205, 206, 208, 209, 210, 211, 213, 214, 216], "excluded_lines": []}, "Backtester._process_event": {"executed_lines": [226, 228, 230, 232, 234, 235, 237, 238], "summary": {"covered_lines": 8, "num_statements": 8, "percent_covered": 100.0, "percent_covered_display": "100", "missing_lines": 0, "excluded_lines": 0}, "missing_lines": [], "excluded_lines": []}, "Backtester._update_orderbook": {"executed_lines": [242, 243, 246, 255, 265], "summary": {"covered_lines": 5, "num_statements": 5, "percent_covered": 100.0, "percent_covered_display": "100", "missing_lines": 0, "excluded_lines": 0}, "missing_lines": [], "excluded_lines": []}, "Backtester._execute_signal": {"executed_lines": [274, 275, 278, 279, 283, 288, 292, 295, 296, 297, 300, 304, 307, 308, 311, 323], "summary": {"covered_lines": 16, "num_statements": 19, "percent_covered": 84.21052631578948, "percent_covered_display": "84", "missing_lines": 3, "excluded_lines": 0}, "missing_lines": [280, 289, 301], "excluded_lines": []}, "Backtester.calculate_max_drawdown": {"executed_lines": [327, 328, 330, 331, 333, 334, 335, 336, 338, 339, 341, 342, 343, 345], "summary": {"covered_lines": 14, "num_statements": 14, "percent_covered": 100.0, "percent_covered_display": "100", "missing_lines": 0, "excluded_lines": 0}, "missing_lines": [], "excluded_lines": []}, "Backtester.print_summary": {"executed_lines": [349, 350, 351, 352, 353, 354, 355, 356, 357, 358, 359, 360, 361, 362, 363, 364, 365], "summary": {"covered_lines": 17, "num_statements": 17, "percent_covered": 100.0, "percent_covered_display": "100", "missing_lines": 0, "excluded_lines": 0}, "missing_lines": [], "excluded_lines": []}, "StrategyComparator.__init__": {"executed_lines": [377], "summary": {"covered_lines": 1, "num_statements": 1, "percent_covered": 100.0, "percent_covered_display": "100", "missing_lines": 0, "excluded_lines": 0}, "missing_lines": [], "excluded_lines": []}, "StrategyComparator.compare_strategies": {"executed_lines": [396, 399, 401, 402, 403, 404, 406], "summary": {"covered_lines": 7, "num_statements": 8, "percent_covered": 87.5, "percent_covered_display": "88", "missing_lines": 1, "excluded_lines": 0}, "missing_lines": [397], "excluded_lines": []}, "StrategyComparator.print_comparison": {"executed_lines": [410, 411, 412, 413, 414, 416, 417, 423], "summary": {"covered_lines": 8, "num_statements": 8, "percent_covered": 100.0, "percent_covered_display": "100", "missing_lines": 0, "excluded_lines": 0}, "missing_lines": [], "excluded_lines": []}, "": {"executed_lines": [1, 17, 18, 19, 20, 21, 22, 23, 24, 26, 27, 28, 29, 30, 33, 34, 35, 37, 38, 39, 40, 41, 42, 43, 44, 45, 48, 49, 50, 52, 53, 56, 57, 58, 59, 62, 63, 64, 65, 68, 69, 70, 71, 74, 77, 78, 81, 82, 88, 114, 166, 218, 240, 272, 325, 347, 368, 369, 375, 379, 408], "summary": {"covered_lines": 56, "num_statements": 56, "percent_covered": 100.0, "percent_covered_display": "100", "missing_lines": 0, "excluded_lines": 0}, "missing_lines": [], "excluded_lines": []}}, "classes": {"Trade": {"executed_lines": [], "summary": {"covered_lines": 0, "num_statements": 0, "percent_covered": 100.0, "percent_covered_display": "100", "missing_lines": 0, "excluded_lines": 0}, "missing_lines": [], "excluded_lines": []}, "BacktestResult": {"executed_lines": [], "summary": {"covered_lines": 0, "num_statements": 0, "percent_covered": 100.0, "percent_covered_display": "100", "missing_lines": 0, "excluded_lines": 0}, "missing_lines": [], "excluded_lines": []}, "Backtester": {"executed_lines": [102, 103, 104, 105, 108, 111, 112, 131, 136, 139, 140, 141, 144, 145, 146, 147, 150, 151, 152, 153, 154, 156, 157, 158, 159, 161, 162, 164, 226, 228, 230, 232, 234, 235, 237, 238, 242, 243, 246, 255, 265, 274, 275, 278, 279, 283, 288, 292, 295, 296, 297, 300, 304, 307, 308, 311, 323, 327, 328, 330, 331, 333, 334, 335, 336, 338, 339, 341, 342, 343, 345, 349, 350, 351, 352, 353, 354, 355, 356, 357, 358, 359, 360, 361, 362, 363, 364, 365], "summary": {"covered_lines": 88, "num_statements": 110, "percent_covered": 80.0, "percent_covered_display": "80", "missing_lines": 22, "excluded_lines": 0}, "missing_lines": [185, 190, 193, 194, 195, 198, 199, 202, 203, 204, 205, 206, 208, 209, 210, 211, 213, 214, 216, 280, 289, 301], "excluded_lines": []}, "StrategyComparator": {"executed_lines": [377, 396, 399, 401, 402, 403, 404, 406, 410, 411, 412, 413, 414, 416, 417, 423], "summary": {"covered_lines": 16, "num_statements": 17, "percent_covered": 94.11764705882354, "percent_covered_display": "94", "missing_lines": 1, "excluded_lines": 0}, "missing_lines": [397], "excluded_lines": []}, "": {"executed_lines": [1, 17, 18, 19, 20, 21, 22, 23, 24, 26, 27, 28, 29, 30, 33, 34, 35, 37, 38, 39, 40, 41, 42, 43, 44, 45, 48, 49, 50, 52, 53, 56, 57, 58, 59, 62, 63, 64, 65, 68, 69, 70, 71, 74, 77, 78, 81, 82, 88, 114, 166, 218, 240, 272, 325, 347, 368, 369, 375, 379, 408], "summary": {"covered_lines": 56, "num_statements": 56, "percent_covered": 100.0, "percent_covered_display": "100", "missing_lines": 0, "excluded_lines": 0}, "missing_lines": [], "excluded_lines": []}}}, "src/backtesting/event_replayer.py": {"executed_lines": [1, 15, 16, 17, 18, 19, 20, 21, 22, 24, 27, 28, 29, 30, 31, 34, 35, 41, 55, 56, 57, 59, 69, 71, 81, 82, 84, 85, 86, 87, 88, 91, 92, 94, 111, 112, 114, 117, 118, 120, 122, 123, 126, 129, 135, 140, 143, 144, 146, 148, 186, 201, 202, 203, 204, 205, 211, 212, 214, 229, 230, 233, 234, 235, 236, 237, 238, 239, 241, 243, 258, 268, 269, 270, 271, 272, 274, 275, 276, 277, 278, 280, 281, 282, 283, 284, 285, 291, 294, 295, 297, 312, 314, 315, 316, 317, 318, 320], "summary": {"covered_lines": 95, "num_statements": 121, "percent_covered": 78.51239669421487, "percent_covered_display": "79", "missing_lines": 26, "excluded_lines": 0}, "missing_lines": [115, 130, 131, 132, 136, 137, 138, 165, 166, 169, 170, 171, 172, 173, 174, 175, 177, 180, 183, 184, 209, 231, 286, 287, 288, 289], "excluded_lines": [], "functions": {"EventReplayer.__init__": {"executed_lines": [55, 56, 57], "summary": {"covered_lines": 3, "num_statements": 3, "percent_covered": 100.0, "percent_covered_display": "100", "missing_lines": 0, "excluded_lines": 0}, "missing_lines": [], "excluded_lines": []}, "EventReplayer.get_event_file": {"executed_lines": [69], "summary": {"covered_lines": 1, "num_statements": 1, "percent_covered": 100.0, "percent_covered_display": "100", "missing_lines": 0, "excluded_lines": 0}, "missing_lines": [], "excluded_lines": []}, "EventReplayer.load_events": {"executed_lines": [81, 82, 84, 85, 86, 87, 88, 91, 92], "summary": {"covered_lines": 9, "num_statements": 9, "percent_covered": 100.0, "percent_covered_display": "100", "missing_lines": 0, "excluded_lines": 0}, "missing_lines": [], "excluded_lines": []}, "EventReplayer.replay_date": {"executed_lines": [111, 112, 114, 117, 118, 120, 122, 123, 126, 129, 135, 140, 143, 144, 146], "summary": {"covered_lines": 15, "num_statements": 22, "percent_covered": 68.18181818181819, "percent_covered_display": "68", "missing_lines": 7, "excluded_lines": 0}, "missing_lines": [115, 130, 131, 132, 136, 137, 138], "excluded_lines": []}, "EventReplayer.replay_date_range": {"executed_lines": [], "summary": {"covered_lines": 0, "num_statements": 13, "percent_covered": 0.0, "percent_covered_display": "0", "missing_lines": 13, "excluded_lines": 0}, "missing_lines": [165, 166, 169, 170, 171, 172, 173, 174, 175, 177, 180, 183, 184], "excluded_lines": []}, "EventReplayer.replay_token": {"executed_lines": [201, 211, 212], "summary": {"covered_lines": 3, "num_statements": 3, "percent_covered": 100.0, "percent_covered_display": "100", "missing_lines": 0, "excluded_lines": 0}, "missing_lines": [], "excluded_lines": []}, "EventReplayer.replay_token.token_filter": {"executed_lines": [202, 203, 204, 205], "summary": {"covered_lines": 4, "num_statements": 5, "percent_covered": 80.0, "percent_covered_display": "80", "missing_lines": 1, "excluded_lines": 0}, "missing_lines": [209], "excluded_lines": []}, "EventReplayer.count_events": {"executed_lines": [229, 230, 233, 234, 235, 236, 237, 238, 239, 241], "summary": {"covered_lines": 10, "num_statements": 11, "percent_covered": 90.9090909090909, "percent_covered_display": "91", "missing_lines": 1, "excluded_lines": 0}, "missing_lines": [231], "excluded_lines": []}, "EventReplayer.get_statistics": {"executed_lines": [258, 268, 269, 270, 271, 272, 274, 275, 276, 277, 278, 280, 281, 282, 283, 284, 285, 291, 294, 295], "summary": {"covered_lines": 20, "num_statements": 24, "percent_covered": 83.33333333333333, "percent_covered_display": "83", "missing_lines": 4, "excluded_lines": 0}, "missing_lines": [286, 287, 288, 289], "excluded_lines": []}, "EventReplayer.find_opportunities": {"executed_lines": [312, 314, 315, 316, 317, 318, 320], "summary": {"covered_lines": 7, "num_statements": 7, "percent_covered": 100.0, "percent_covered_display": "100", "missing_lines": 0, "excluded_lines": 0}, "missing_lines": [], "excluded_lines": []}, "": {"executed_lines": [1, 15, 16, 17, 18, 19, 20, 21, 22, 24, 27, 28, 29, 30, 31, 34, 35, 41, 59, 71, 94, 148, 186, 214, 243, 297], "summary": {"covered_lines": 23, "num_statements": 23, "percent_covered": 100.0, "percent_covered_display": "100", "missing_lines": 0, "excluded_lines": 0}, "missing_lines": [], "excluded_lines": []}}, "classes": {"ReplayMode": {"executed_lines": [], "summary": {"covered_lines": 0, "num_statements": 0, "percent_covered": 100.0, "percent_covered_display": "100", "missing_lines": 0, "excluded_lines": 0}, "missing_lines": [], "excluded_lines": []}, "EventReplayer": {"executed_lines": [55, 56, 57, 69, 81, 82, 84, 85, 86, 87, 88, 91, 92, 111, 112, 114, 117, 118, 120, 122, 123, 126, 129, 135, 140, 143, 144, 146, 201, 202, 203, 204, 205, 211, 212, 229, 230, 233, 234, 235, 236, 237, 238, 239, 241, 258, 268, 269, 270, 271, 272, 274, 275, 276, 277, 278, 280, 281, 282, 283, 284, 285, 291, 294, 295, 312, 314, 315, 316, 317, 318, 320], "summary": {"covered_lines": 72, "num_statements": 98, "percent_covered": 73.46938775510205, "percent_covered_display": "73", "missing_lines": 26, "excluded_lines": 0}, "missing_lines": [115, 130, 131, 132, 136, 137, 138, 165, 166, 169, 170, 171, 172, 173, 174, 175, 177, 180, 183, 184, 209, 231, 286, 287, 288, 289], "excluded_lines": []}, "": {"executed_lines": [1, 15, 16, 17, 18, 19, 20, 21, 22, 24, 27, 28, 29, 30, 31, 34, 35, 41, 59, 71, 94, 148, 186, 214, 243, 297], "summary": {"covered_lines": 23, "num_statements": 23, "percent_covered": 100.0, "percent_covered_display": "100", "missing_lines": 0, "excluded_lines": 0}, "missing_lines": [], "excluded_lines": []}}}, "src/backtesting/strategy_analyzer.py": {"executed_lines": [1, 15, 16, 17, 18, 19, 21, 22, 25, 26, 27, 30, 31, 32, 33, 34, 35, 36, 39, 40, 41, 42, 43, 46, 47, 48, 51, 52, 53, 56, 57, 58, 59, 62, 63, 64, 67, 68, 69, 71, 72, 73, 74, 75, 76, 79, 80, 86, 93, 95, 105, 108, 109, 110, 111, 112, 115, 116, 118, 119, 121, 122, 124, 127, 128, 129, 130, 133, 134, 135, 136, 137, 140, 141, 144, 145, 146, 147, 148, 149, 151, 153, 155, 158, 159, 160, 161, 162, 163, 167, 168, 170, 172, 175, 176, 179, 180, 181, 182, 183, 185, 186, 187, 189, 217, 227, 228, 231, 232, 246, 247, 261, 262, 276, 291, 292, 306, 307, 320, 322, 324, 325, 327, 328, 329, 331, 332, 333, 335, 336, 338, 339, 340, 342, 344, 346, 347, 349, 350, 352, 353, 354, 355, 356, 357, 358, 360, 361, 362, 363, 366, 367, 368, 369, 371, 373, 375, 376, 377, 379, 380, 381, 382, 383, 384, 385, 387, 388, 389, 390, 392, 393, 394, 396, 397, 398, 399, 401, 402, 403, 404, 405, 407, 408, 409, 410, 411, 413, 415, 417, 418, 419, 421, 422, 423, 425, 426, 427, 428, 429, 430, 431, 432, 433, 435], "summary": {"covered_lines": 201, "num_statements": 204, "percent_covered": 98.52941176470588, "percent_covered_display": "99", "missing_lines": 3, "excluded_lines": 0}, "missing_lines": [164, 165, 277], "excluded_lines": [], "functions": {"StrategyAnalyzer.__init__": {"executed_lines": [93], "summary": {"covered_lines": 1, "num_statements": 1, "percent_covered": 100.0, "percent_covered_display": "100", "missing_lines": 0, "excluded_lines": 0}, "missing_lines": [], "excluded_lines": []}, "StrategyAnalyzer.analyze_results": {"executed_lines": [105, 108, 109, 110, 111, 112, 115, 116, 118, 119, 121, 122, 124, 127, 128, 129, 130, 133, 134, 135, 136, 137, 140, 141, 144, 145, 146, 147, 148, 149, 151, 153, 155, 158, 159, 160, 161, 162, 163, 167, 168, 170, 172, 175, 176, 179, 180, 181, 182, 183, 185, 186, 187, 189], "summary": {"covered_lines": 54, "num_statements": 56, "percent_covered": 96.42857142857143, "percent_covered_display": "96", "missing_lines": 2, "excluded_lines": 0}, "missing_lines": [164, 165], "excluded_lines": []}, "StrategyAnalyzer.get_suggestions": {"executed_lines": [227, 228, 231, 232, 246, 247, 261, 262, 276, 291, 292, 306, 307, 320], "summary": {"covered_lines": 14, "num_statements": 15, "percent_covered": 93.33333333333333, "percent_covered_display": "93", "missing_lines": 1, "excluded_lines": 0}, "missing_lines": [277], "excluded_lines": []}, "StrategyAnalyzer._calculate_drawdowns": {"executed_lines": [324, 325, 327, 328, 329, 331, 332, 333, 335, 336, 338, 339, 340, 342], "summary": {"covered_lines": 14, "num_statements": 14, "percent_covered": 100.0, "percent_covered_display": "100", "missing_lines": 0, "excluded_lines": 0}, "missing_lines": [], "excluded_lines": []}, "StrategyAnalyzer._calculate_streaks": {"executed_lines": [346, 347, 349, 350, 352, 353, 354, 355, 356, 357, 358, 360, 361, 362, 363, 366, 367, 368, 369, 371], "summary": {"covered_lines": 20, "num_statements": 20, "percent_covered": 100.0, "percent_covered_display": "100", "missing_lines": 0, "excluded_lines": 0}, "missing_lines": [], "excluded_lines": []}, "StrategyAnalyzer.print_analysis": {"executed_lines": [375, 376, 377, 379, 380, 381, 382, 383, 384, 385, 387, 388, 389, 390, 392, 393, 394, 396, 397, 398, 399, 401, 402, 403, 404, 405, 407, 408, 409, 410, 411, 413], "summary": {"covered_lines": 32, "num_statements": 32, "percent_covered": 100.0, "percent_covered_display": "100", "missing_lines": 0, "excluded_lines": 0}, "missing_lines": [], "excluded_lines": []}, "StrategyAnalyzer.print_suggestions": {"executed_lines": [417, 418, 419, 421, 422, 423, 425, 426, 427, 428, 429, 430, 431, 432, 433, 435], "summary": {"covered_lines": 16, "num_statements": 16, "percent_covered": 100.0, "percent_covered_display": "100", "missing_lines": 0, "excluded_lines": 0}, "missing_lines": [], "excluded_lines": []}, "": {"executed_lines": [1, 15, 16, 17, 18, 19, 21, 22, 25, 26, 27, 30, 31, 32, 33, 34, 35, 36, 39, 40, 41, 42, 43, 46, 47, 48, 51, 52, 53, 56, 57, 58, 59, 62, 63, 64, 67, 68, 69, 71, 72, 73, 74, 75, 76, 79, 80, 86, 95, 217, 322, 344, 373, 415], "summary": {"covered_lines": 50, "num_statements": 50, "percent_covered": 100.0, "percent_covered_display": "100", "missing_lines": 0, "excluded_lines": 0}, "missing_lines": [], "excluded_lines": []}}, "classes": {"PerformanceMetrics": {"executed_lines": [], "summary": {"covered_lines": 0, "num_statements": 0, "percent_covered": 100.0, "percent_covered_display": "100", "missing_lines": 0, "excluded_lines": 0}, "missing_lines": [], "excluded_lines": []}, "OptimizationSuggestion": {"executed_lines": [], "summary": {"covered_lines": 0, "num_statements": 0, "percent_covered": 100.0, "percent_covered_display": "100", "missing_lines": 0, "excluded_lines": 0}, "missing_lines": [], "excluded_lines": []}, "StrategyAnalyzer": {"executed_lines": [93, 105, 108, 109, 110, 111, 112, 115, 116, 118, 119, 121, 122, 124, 127, 128, 129, 130, 133, 134, 135, 136, 137, 140, 141, 144, 145, 146, 147, 148, 149, 151, 153, 155, 158, 159, 160, 161, 162, 163, 167, 168, 170, 172, 175, 176, 179, 180, 181, 182, 183, 185, 186, 187, 189, 227, 228, 231, 232, 246, 247, 261, 262, 276, 291, 292, 306, 307, 320, 324, 325, 327, 328, 329, 331, 332, 333, 335, 336, 338, 339, 340, 342, 346, 347, 349, 350, 352, 353, 354, 355, 356, 357, 358, 360, 361, 362, 363, 366, 367, 368, 369, 371, 375, 376, 377, 379, 380, 381, 382, 383, 384, 385, 387, 388, 389, 390, 392, 393, 394, 396, 397, 398, 399, 401, 402, 403, 404, 405, 407, 408, 409, 410, 411, 413, 417, 418, 419, 421, 422, 423, 425, 426, 427, 428, 429, 430, 431, 432, 433, 435], "summary": {"covered_lines": 151, "num_statements": 154, "percent_covered": 98.05194805194805, "percent_covered_display": "98", "missing_lines": 3, "excluded_lines": 0}, "missing_lines": [164, 165, 277], "excluded_lines": []}, "": {"executed_lines": [1, 15, 16, 17, 18, 19, 21, 22, 25, 26, 27, 30, 31, 32, 33, 34, 35, 36, 39, 40, 41, 42, 43, 46, 47, 48, 51, 52, 53, 56, 57, 58, 59, 62, 63, 64, 67, 68, 69, 71, 72, 73, 74, 75, 76, 79, 80, 86, 95, 217, 322, 344, 373, 415], "summary": {"covered_lines": 50, "num_statements": 50, "percent_covered": 100.0, "percent_covered_display": "100", "missing_lines": 0, "excluded_lines": 0}, "missing_lines": [], "excluded_lines": []}}}, "src/connectors/__init__.py": {"executed_lines": [1], "summary": {"covered_lines": 0, "num_statements": 0, "percent_covered": 100.0, "percent_covered_display": "100", "missing_lines": 0, "excluded_lines": 0}, "missing_lines": [], "excluded_lines": [], "functions": {"": {"executed_lines": [1], "summary": {"covered_lines": 0, "num_statements": 0, "percent_covered": 100.0, "percent_covered_display": "100", "missing_lines": 0, "excluded_lines": 0}, "missing_lines": [], "excluded_lines": []}}, "classes": {"": {"executed_lines": [1], "summary": {"covered_lines": 0, "num_statements": 0, "percent_covered": 100.0, "percent_covered_display": "100", "missing_lines": 0, "excluded_lines": 0}, "missing_lines": [], "excluded_lines": []}}}, "src/connectors/polymarket_ws.py": {"executed_lines": [1, 12, 13, 14, 15, 16, 17, 18, 19, 20, 22, 24, 25, 27, 31, 32, 34, 41, 42, 43, 44, 46, 57, 63, 64, 67, 70, 72, 83, 84, 97, 115, 116, 117, 118, 119, 120, 121, 122, 123, 124, 127, 128, 129, 132, 133, 134, 135, 136, 138, 145, 146, 148, 149, 150, 151, 152, 153, 154, 157, 160, 161, 162, 163, 165, 166, 169, 172, 173, 175, 177, 179, 187, 188, 189, 191, 193, 203, 204, 206, 207, 208, 210, 212, 216, 218, 225, 255, 263, 266, 269, 270, 271, 274, 275, 276, 279, 282, 288, 312, 313, 314, 315, 319, 329, 331, 332, 336, 339, 350, 351, 353, 362, 372, 373, 375, 383, 385, 395, 397, 398, 401, 404, 407, 419, 420, 421, 427, 429, 430, 433, 434, 447, 448, 450, 451, 453, 455, 465, 467, 503, 508], "summary": {"covered_lines": 139, "num_statements": 202, "percent_covered": 68.81188118811882, "percent_covered_display": "69", "missing_lines": 63, "excluded_lines": 0}, "missing_lines": [59, 60, 61, 68, 74, 158, 180, 181, 182, 183, 184, 185, 226, 227, 228, 229, 231, 234, 235, 237, 238, 239, 241, 242, 244, 246, 247, 248, 249, 251, 252, 253, 283, 284, 285, 289, 290, 292, 296, 297, 300, 301, 302, 306, 309, 317, 333, 399, 435, 441, 443, 444, 475, 476, 477, 480, 481, 482, 483, 485, 505, 506, 510], "excluded_lines": [], "functions": {"MessageCache.__init__": {"executed_lines": [41, 42, 43, 44], "summary": {"covered_lines": 4, "num_statements": 4, "percent_covered": 100.0, "percent_covered_display": "100", "missing_lines": 0, "excluded_lines": 0}, "missing_lines": [], "excluded_lines": []}, "MessageCache.add": {"executed_lines": [57, 63, 64, 67, 70], "summary": {"covered_lines": 5, "num_statements": 9, "percent_covered": 55.55555555555556, "percent_covered_display": "56", "missing_lines": 4, "excluded_lines": 0}, "missing_lines": [59, 60, 61, 68], "excluded_lines": []}, "MessageCache.get_stats": {"executed_lines": [], "summary": {"covered_lines": 0, "num_statements": 1, "percent_covered": 0.0, "percent_covered_display": "0", "missing_lines": 1, "excluded_lines": 0}, "missing_lines": [74], "excluded_lines": []}, "PolymarketWSClient.__init__": {"executed_lines": [115, 116, 117, 118, 119, 120, 121, 122, 123, 124, 127, 128, 129, 132, 133, 134, 135, 136], "summary": {"covered_lines": 18, "num_statements": 18, "percent_covered": 100.0, "percent_covered_display": "100", "missing_lines": 0, "excluded_lines": 0}, "missing_lines": [], "excluded_lines": []}, "PolymarketWSClient.connect": {"executed_lines": [145, 146, 148, 149, 150, 151, 152, 153, 154, 157, 160, 161, 162, 163, 165, 166, 169, 172, 173], "summary": {"covered_lines": 19, "num_statements": 20, "percent_covered": 95.0, "percent_covered_display": "95", "missing_lines": 1, "excluded_lines": 0}, "missing_lines": [158], "excluded_lines": []}, "PolymarketWSClient.disconnect": {"executed_lines": [177, 179, 187, 188, 189, 191], "summary": {"covered_lines": 6, "num_statements": 12, "percent_covered": 50.0, "percent_covered_display": "50", "missing_lines": 6, "excluded_lines": 0}, "missing_lines": [180, 181, 182, 183, 184, 185], "excluded_lines": []}, "PolymarketWSClient.subscribe": {"executed_lines": [203, 204, 206, 207, 208], "summary": {"covered_lines": 5, "num_statements": 5, "percent_covered": 100.0, "percent_covered_display": "100", "missing_lines": 0, "excluded_lines": 0}, "missing_lines": [], "excluded_lines": []}, "PolymarketWSClient._send_subscription": {"executed_lines": [212, 216], "summary": {"covered_lines": 2, "num_statements": 2, "percent_covered": 100.0, "percent_covered_display": "100", "missing_lines": 0, "excluded_lines": 0}, "missing_lines": [], "excluded_lines": []}, "PolymarketWSClient.listen": {"executed_lines": [225], "summary": {"covered_lines": 1, "num_statements": 21, "percent_covered": 4.761904761904762, "percent_covered_display": "5", "missing_lines": 20, "excluded_lines": 0}, "missing_lines": [226, 227, 228, 229, 231, 234, 235, 237, 238, 239, 241, 242, 244, 246, 247, 248, 249, 251, 252, 253], "excluded_lines": []}, "PolymarketWSClient._handle_message": {"executed_lines": [263, 266, 269, 270, 271, 274, 275, 276, 279, 282, 288, 312, 313, 314, 315], "summary": {"covered_lines": 15, "num_statements": 29, "percent_covered": 51.724137931034484, "percent_covered_display": "52", "missing_lines": 14, "excluded_lines": 0}, "missing_lines": [283, 284, 285, 289, 290, 292, 296, 297, 300, 301, 302, 306, 309, 317], "excluded_lines": []}, "PolymarketWSClient._handle_snapshot": {"executed_lines": [329, 331, 332, 336, 339, 350, 351, 353, 362, 372, 373, 375, 383], "summary": {"covered_lines": 13, "num_statements": 14, "percent_covered": 92.85714285714286, "percent_covered_display": "93", "missing_lines": 1, "excluded_lines": 0}, "missing_lines": [333], "excluded_lines": []}, "PolymarketWSClient._handle_update": {"executed_lines": [395, 397, 398, 401, 404, 407, 419, 420, 421, 427, 429, 430, 433, 434, 447, 448, 450, 451, 453], "summary": {"covered_lines": 19, "num_statements": 24, "percent_covered": 79.16666666666667, "percent_covered_display": "79", "missing_lines": 5, "excluded_lines": 0}, "missing_lines": [399, 435, 441, 443, 444], "excluded_lines": []}, "PolymarketWSClient.get_order_book": {"executed_lines": [465], "summary": {"covered_lines": 1, "num_statements": 1, "percent_covered": 100.0, "percent_covered_display": "100", "missing_lines": 0, "excluded_lines": 0}, "missing_lines": [], "excluded_lines": []}, "PolymarketWSClient.get_stats": {"executed_lines": [], "summary": {"covered_lines": 0, "num_statements": 8, "percent_covered": 0.0, "percent_covered_display": "0", "missing_lines": 8, "excluded_lines": 0}, "missing_lines": [475, 476, 477, 480, 481, 482, 483, 485], "excluded_lines": []}, "PolymarketWSClient.__aenter__": {"executed_lines": [], "summary": {"covered_lines": 0, "num_statements": 2, "percent_covered": 0.0, "percent_covered_display": "0", "missing_lines": 2, "excluded_lines": 0}, "missing_lines": [505, 506], "excluded_lines": []}, "PolymarketWSClient.__aexit__": {"executed_lines": [], "summary": {"covered_lines": 0, "num_statements": 1, "percent_covered": 0.0, "percent_covered_display": "0", "missing_lines": 1, "excluded_lines": 0}, "missing_lines": [510], "excluded_lines": []}, "": {"executed_lines": [1, 12, 13, 14, 15, 16, 17, 18, 19, 20, 22, 24, 25, 27, 31, 32, 34, 46, 72, 83, 84, 97, 138, 175, 193, 210, 218, 255, 319, 385, 455, 467, 503, 508], "summary": {"covered_lines": 31, "num_statements": 31, "percent_covered": 100.0, "percent_covered_display": "100", "missing_lines": 0, "excluded_lines": 0}, "missing_lines": [], "excluded_lines": []}}, "classes": {"MessageCache": {"executed_lines": [41, 42, 43, 44, 57, 63, 64, 67, 70], "summary": {"covered_lines": 9, "num_statements": 14, "percent_covered": 64.28571428571429, "percent_covered_display": "64", "missing_lines": 5, "excluded_lines": 0}, "missing_lines": [59, 60, 61, 68, 74], "excluded_lines": []}, "PolymarketWSClient": {"executed_lines": [115, 116, 117, 118, 119, 120, 121, 122, 123, 124, 127, 128, 129, 132, 133, 134, 135, 136, 145, 146, 148, 149, 150, 151, 152, 153, 154, 157, 160, 161, 162, 163, 165, 166, 169, 172, 173, 177, 179, 187, 188, 189, 191, 203, 204, 206, 207, 208, 212, 216, 225, 263, 266, 269, 270, 271, 274, 275, 276, 279, 282, 288, 312, 313, 314, 315, 329, 331, 332, 336, 339, 350, 351, 353, 362, 372, 373, 375, 383, 395, 397, 398, 401, 404, 407, 419, 420, 421, 427, 429, 430, 433, 434, 447, 448, 450, 451, 453, 465], "summary": {"covered_lines": 99, "num_statements": 157, "percent_covered": 63.05732484076433, "percent_covered_display": "63", "missing_lines": 58, "excluded_lines": 0}, "missing_lines": [158, 180, 181, 182, 183, 184, 185, 226, 227, 228, 229, 231, 234, 235, 237, 238, 239, 241, 242, 244, 246, 247, 248, 249, 251, 252, 253, 283, 284, 285, 289, 290, 292, 296, 297, 300, 301, 302, 306, 309, 317, 333, 399, 435, 441, 443, 444, 475, 476, 477, 480, 481, 482, 483, 485, 505, 506, 510], "excluded_lines": []}, "": {"executed_lines": [1, 12, 13, 14, 15, 16, 17, 18, 19, 20, 22, 24, 25, 27, 31, 32, 34, 46, 72, 83, 84, 97, 138, 175, 193, 210, 218, 255, 319, 385, 455, 467, 503, 508], "summary": {"covered_lines": 31, "num_statements": 31, "percent_covered": 100.0, "percent_covered_display": "100", "missing_lines": 0, "excluded_lines": 0}, "missing_lines": [], "excluded_lines": []}}}, "src/connectors/web3_client.py": {"executed_lines": [1, 13, 14, 15, 16, 17, 18, 19, 20, 23, 24, 32, 33, 43, 54, 55, 57, 59, 60, 61, 62, 64, 65, 67, 70, 84, 85, 87, 90, 91, 97, 98, 100, 112, 130, 131, 138, 139, 141, 159, 161, 162, 165, 166, 172, 175, 176, 179, 183, 188, 202, 205, 210, 212, 214, 216, 229, 230, 237, 239, 249, 250, 251, 256, 261, 271, 272, 278, 280], "summary": {"covered_lines": 67, "num_statements": 85, "percent_covered": 78.82352941176471, "percent_covered_display": "79", "missing_lines": 18, "excluded_lines": 0}, "missing_lines": [68, 107, 180, 181, 203, 206, 207, 257, 259, 297, 299, 300, 302, 303, 305, 306, 307, 309], "excluded_lines": [], "functions": {"Web3Client.__init__": {"executed_lines": [54, 55, 57, 59, 60, 61, 62, 64, 65, 67], "summary": {"covered_lines": 10, "num_statements": 11, "percent_covered": 90.9090909090909, "percent_covered_display": "91", "missing_lines": 1, "excluded_lines": 0}, "missing_lines": [68], "excluded_lines": []}, "Web3Client.get_balance": {"executed_lines": [84, 85, 87, 90, 91, 97, 98], "summary": {"covered_lines": 7, "num_statements": 7, "percent_covered": 100.0, "percent_covered_display": "100", "missing_lines": 0, "excluded_lines": 0}, "missing_lines": [], "excluded_lines": []}, "Web3Client._get_usdc_contract": {"executed_lines": [], "summary": {"covered_lines": 0, "num_statements": 1, "percent_covered": 0.0, "percent_covered_display": "0", "missing_lines": 1, "excluded_lines": 0}, "missing_lines": [107], "excluded_lines": []}, "Web3Client.estimate_gas": {"executed_lines": [130, 131, 138, 139], "summary": {"covered_lines": 4, "num_statements": 4, "percent_covered": 100.0, "percent_covered_display": "100", "missing_lines": 0, "excluded_lines": 0}, "missing_lines": [], "excluded_lines": []}, "Web3Client.estimate_eip1559_gas": {"executed_lines": [159, 161, 162, 165, 166, 172, 175, 176, 179, 183], "summary": {"covered_lines": 10, "num_statements": 12, "percent_covered": 83.33333333333333, "percent_covered_display": "83", "missing_lines": 2, "excluded_lines": 0}, "missing_lines": [180, 181], "excluded_lines": []}, "Web3Client.sign_transaction": {"executed_lines": [202, 205, 210, 212, 214], "summary": {"covered_lines": 5, "num_statements": 8, "percent_covered": 62.5, "percent_covered_display": "62", "missing_lines": 3, "excluded_lines": 0}, "missing_lines": [203, 206, 207], "excluded_lines": []}, "Web3Client.send_transaction": {"executed_lines": [229, 230, 237], "summary": {"covered_lines": 3, "num_statements": 3, "percent_covered": 100.0, "percent_covered_display": "100", "missing_lines": 0, "excluded_lines": 0}, "missing_lines": [], "excluded_lines": []}, "Web3Client.get_transaction_receipt": {"executed_lines": [249, 250, 251, 256], "summary": {"covered_lines": 4, "num_statements": 6, "percent_covered": 66.66666666666667, "percent_covered_display": "67", "missing_lines": 2, "excluded_lines": 0}, "missing_lines": [257, 259], "excluded_lines": []}, "Web3Client.get_nonce": {"executed_lines": [271, 272, 278], "summary": {"covered_lines": 3, "num_statements": 3, "percent_covered": 100.0, "percent_covered_display": "100", "missing_lines": 0, "excluded_lines": 0}, "missing_lines": [], "excluded_lines": []}, "Web3Client.wait_for_transaction_receipt": {"executed_lines": [], "summary": {"covered_lines": 0, "num_statements": 9, "percent_covered": 0.0, "percent_covered_display": "0", "missing_lines": 9, "excluded_lines": 0}, "missing_lines": [297, 299, 300, 302, 303, 305, 306, 307, 309], "excluded_lines": []}, "": {"executed_lines": [1, 13, 14, 15, 16, 17, 18, 19, 20, 23, 24, 32, 33, 43, 70, 100, 112, 141, 188, 216, 239, 261, 280], "summary": {"covered_lines": 21, "num_statements": 21, "percent_covered": 100.0, "percent_covered_display": "100", "missing_lines": 0, "excluded_lines": 0}, "missing_lines": [], "excluded_lines": []}}, "classes": {"Web3Client": {"executed_lines": [54, 55, 57, 59, 60, 61, 62, 64, 65, 67, 84, 85, 87, 90, 91, 97, 98, 130, 131, 138, 139, 159, 161, 162, 165, 166, 172, 175, 176, 179, 183, 202, 205, 210, 212, 214, 229, 230, 237, 249, 250, 251, 256, 271, 272, 278], "summary": {"covered_lines": 46, "num_statements": 64, "percent_covered": 71.875, "percent_covered_display": "72", "missing_lines": 18, "excluded_lines": 0}, "missing_lines": [68, 107, 180, 181, 203, 206, 207, 257, 259, 297, 299, 300, 302, 303, 305, 306, 307, 309], "excluded_lines": []}, "": {"executed_lines": [1, 13, 14, 15, 16, 17, 18, 19, 20, 23, 24, 32, 33, 43, 70, 100, 112, 141, 188, 216, 239, 261, 280], "summary": {"covered_lines": 21, "num_statements": 21, "percent_covered": 100.0, "percent_covered_display": "100", "missing_lines": 0, "excluded_lines": 0}, "missing_lines": [], "excluded_lines": []}}}, "src/core/__init__.py": {"executed_lines": [1, 3, 4, 5, 6, 7, 8, 10], "summary": {"covered_lines": 7, "num_statements": 7, "percent_covered": 100.0, "percent_covered_display": "100", "missing_lines": 0, "excluded_lines": 0}, "missing_lines": [], "excluded_lines": [], "functions": {"": {"executed_lines": [1, 3, 4, 5, 6, 7, 8, 10], "summary": {"covered_lines": 7, "num_statements": 7, "percent_covered": 100.0, "percent_covered_display": "100", "missing_lines": 0, "excluded_lines": 0}, "missing_lines": [], "excluded_lines": []}}, "classes": {"": {"executed_lines": [1, 3, 4, 5, 6, 7, 8, 10], "summary": {"covered_lines": 7, "num_statements": 7, "percent_covered": 100.0, "percent_covered_display": "100", "missing_lines": 0, "excluded_lines": 0}, "missing_lines": [], "excluded_lines": []}}}, "src/core/config.py": {"executed_lines": [1, 4, 5, 6, 8, 11, 14, 15, 18, 23, 24, 27, 28, 31, 32, 33, 36, 37, 38, 41, 44, 45, 48, 51, 54, 55, 58, 59, 61, 62], "summary": {"covered_lines": 28, "num_statements": 36, "percent_covered": 77.77777777777777, "percent_covered_display": "78", "missing_lines": 8, "excluded_lines": 0}, "missing_lines": [64, 65, 67, 68, 70, 71, 73, 74], "excluded_lines": [], "functions": {"Config.validate": {"executed_lines": [], "summary": {"covered_lines": 0, "num_statements": 8, "percent_covered": 0.0, "percent_covered_display": "0", "missing_lines": 8, "excluded_lines": 0}, "missing_lines": [64, 65, 67, 68, 70, 71, 73, 74], "excluded_lines": []}, "": {"executed_lines": [1, 4, 5, 6, 8, 11, 14, 15, 18, 23, 24, 27, 28, 31, 32, 33, 36, 37, 38, 41, 44, 45, 48, 51, 54, 55, 58, 59, 61, 62], "summary": {"covered_lines": 28, "num_statements": 28, "percent_covered": 100.0, "percent_covered_display": "100", "missing_lines": 0, "excluded_lines": 0}, "missing_lines": [], "excluded_lines": []}}, "classes": {"Config": {"executed_lines": [], "summary": {"covered_lines": 0, "num_statements": 8, "percent_covered": 0.0, "percent_covered_display": "0", "missing_lines": 8, "excluded_lines": 0}, "missing_lines": [64, 65, 67, 68, 70, 71, 73, 74], "excluded_lines": []}, "": {"executed_lines": [1, 4, 5, 6, 8, 11, 14, 15, 18, 23, 24, 27, 28, 31, 32, 33, 36, 37, 38, 41, 44, 45, 48, 51, 54, 55, 58, 59, 61, 62], "summary": {"covered_lines": 28, "num_statements": 28, "percent_covered": 100.0, "percent_covered_display": "100", "missing_lines": 0, "excluded_lines": 0}, "missing_lines": [], "excluded_lines": []}}}, "src/core/config_runtime.py": {"executed_lines": [], "summary": {"covered_lines": 0, "num_statements": 168, "percent_covered": 0.0, "percent_covered_display": "0", "missing_lines": 168, "excluded_lines": 0}, "missing_lines": [14, 15, 16, 17, 18, 19, 21, 22, 23, 25, 28, 31, 32, 35, 36, 37, 38, 39, 40, 43, 44, 47, 48, 49, 50, 51, 52, 55, 56, 59, 60, 61, 62, 63, 66, 67, 75, 78, 81, 84, 87, 90, 91, 92, 95, 96, 98, 99, 113, 114, 116, 117, 119, 121, 122, 133, 134, 135, 137, 138, 139, 141, 154, 156, 188, 195, 198, 199, 201, 202, 204, 205, 207, 208, 210, 211, 213, 214, 217, 218, 220, 221, 223, 224, 226, 227, 230, 231, 233, 234, 236, 237, 239, 240, 243, 244, 246, 247, 249, 250, 252, 255, 262, 270, 271, 272, 273, 275, 277, 278, 280, 281, 282, 284, 286, 298, 299, 302, 303, 304, 306, 307, 308, 310, 311, 312, 315, 316, 318, 321, 323, 324, 326, 327, 328, 329, 330, 332, 334, 336, 337, 338, 339, 340, 342, 344, 345, 346, 350, 351, 354, 370, 372, 373, 374, 375, 377, 379, 380, 382, 385, 395, 396, 397, 400, 403, 404, 405], "excluded_lines": [], "functions": {"RuntimeConfig.load": {"executed_lines": [], "summary": {"covered_lines": 0, "num_statements": 5, "percent_covered": 0.0, "percent_covered_display": "0", "missing_lines": 5, "excluded_lines": 0}, "missing_lines": [113, 114, 116, 117, 119], "excluded_lines": []}, "RuntimeConfig.from_dict": {"executed_lines": [], "summary": {"covered_lines": 0, "num_statements": 7, "percent_covered": 0.0, "percent_covered_display": "0", "missing_lines": 7, "excluded_lines": 0}, "missing_lines": [133, 134, 135, 137, 138, 139, 141], "excluded_lines": []}, "RuntimeConfig.to_dict": {"executed_lines": [], "summary": {"covered_lines": 0, "num_statements": 1, "percent_covered": 0.0, "percent_covered_display": "0", "missing_lines": 1, "excluded_lines": 0}, "missing_lines": [156], "excluded_lines": []}, "RuntimeConfig.validate": {"executed_lines": [], "summary": {"covered_lines": 0, "num_statements": 36, "percent_covered": 0.0, "percent_covered_display": "0", "missing_lines": 36, "excluded_lines": 0}, "missing_lines": [195, 198, 199, 201, 202, 204, 205, 207, 208, 210, 211, 213, 214, 217, 218, 220, 221, 223, 224, 226, 227, 230, 231, 233, 234, 236, 237, 239, 240, 243, 244, 246, 247, 249, 250, 252], "excluded_lines": []}, "ConfigWatcher.__init__": {"executed_lines": [], "summary": {"covered_lines": 0, "num_statements": 4, "percent_covered": 0.0, "percent_covered_display": "0", "missing_lines": 4, "excluded_lines": 0}, "missing_lines": [270, 271, 272, 273], "excluded_lines": []}, "ConfigWatcher._load_config": {"executed_lines": [], "summary": {"covered_lines": 0, "num_statements": 6, "percent_covered": 0.0, "percent_covered_display": "0", "missing_lines": 6, "excluded_lines": 0}, "missing_lines": [277, 278, 280, 281, 282, 284], "excluded_lines": []}, "ConfigWatcher.start": {"executed_lines": [], "summary": {"covered_lines": 0, "num_statements": 11, "percent_covered": 0.0, "percent_covered_display": "0", "missing_lines": 11, "excluded_lines": 0}, "missing_lines": [298, 299, 302, 303, 306, 326, 327, 328, 329, 330, 332], "excluded_lines": []}, "ConfigWatcher.start.ConfigHandler.__init__": {"executed_lines": [], "summary": {"covered_lines": 0, "num_statements": 1, "percent_covered": 0.0, "percent_covered_display": "0", "missing_lines": 1, "excluded_lines": 0}, "missing_lines": [304], "excluded_lines": []}, "ConfigWatcher.start.ConfigHandler.on_modified": {"executed_lines": [], "summary": {"covered_lines": 0, "num_statements": 11, "percent_covered": 0.0, "percent_covered_display": "0", "missing_lines": 11, "excluded_lines": 0}, "missing_lines": [307, 308, 310, 311, 312, 315, 316, 318, 321, 323, 324], "excluded_lines": []}, "ConfigWatcher.stop": {"executed_lines": [], "summary": {"covered_lines": 0, "num_statements": 5, "percent_covered": 0.0, "percent_covered_display": "0", "missing_lines": 5, "excluded_lines": 0}, "missing_lines": [336, 337, 338, 339, 340], "excluded_lines": []}, "ConfigWatcher.get_config": {"executed_lines": [], "summary": {"covered_lines": 0, "num_statements": 3, "percent_covered": 0.0, "percent_covered_display": "0", "missing_lines": 3, "excluded_lines": 0}, "missing_lines": [344, 345, 346], "excluded_lines": []}, "initialize_config": {"executed_lines": [], "summary": {"covered_lines": 0, "num_statements": 6, "percent_covered": 0.0, "percent_covered_display": "0", "missing_lines": 6, "excluded_lines": 0}, "missing_lines": [370, 372, 377, 379, 380, 382], "excluded_lines": []}, "initialize_config.log_changes": {"executed_lines": [], "summary": {"covered_lines": 0, "num_statements": 3, "percent_covered": 0.0, "percent_covered_display": "0", "missing_lines": 3, "excluded_lines": 0}, "missing_lines": [373, 374, 375], "excluded_lines": []}, "get_config": {"executed_lines": [], "summary": {"covered_lines": 0, "num_statements": 3, "percent_covered": 0.0, "percent_covered_display": "0", "missing_lines": 3, "excluded_lines": 0}, "missing_lines": [395, 396, 397], "excluded_lines": []}, "stop_config_watcher": {"executed_lines": [], "summary": {"covered_lines": 0, "num_statements": 3, "percent_covered": 0.0, "percent_covered_display": "0", "missing_lines": 3, "excluded_lines": 0}, "missing_lines": [403, 404, 405], "excluded_lines": []}, "": {"executed_lines": [], "summary": {"covered_lines": 0, "num_statements": 63, "percent_covered": 0.0, "percent_covered_display": "0", "missing_lines": 63, "excluded_lines": 0}, "missing_lines": [14, 15, 16, 17, 18, 19, 21, 22, 23, 25, 28, 31, 32, 35, 36, 37, 38, 39, 40, 43, 44, 47, 48, 49, 50, 51, 52, 55, 56, 59, 60, 61, 62, 63, 66, 67, 75, 78, 81, 84, 87, 90, 91, 92, 95, 96, 98, 99, 121, 122, 154, 188, 255, 262, 275, 286, 334, 342, 350, 351, 354, 385, 400], "excluded_lines": []}}, "classes": {"TradingLimits": {"executed_lines": [], "summary": {"covered_lines": 0, "num_statements": 0, "percent_covered": 100.0, "percent_covered_display": "100", "missing_lines": 0, "excluded_lines": 0}, "missing_lines": [], "excluded_lines": []}, "CircuitBreakerConfig": {"executed_lines": [], "summary": {"covered_lines": 0, "num_statements": 0, "percent_covered": 100.0, "percent_covered_display": "100", "missing_lines": 0, "excluded_lines": 0}, "missing_lines": [], "excluded_lines": []}, "RetryPolicyConfig": {"executed_lines": [], "summary": {"covered_lines": 0, "num_statements": 0, "percent_covered": 100.0, "percent_covered_display": "100", "missing_lines": 0, "excluded_lines": 0}, "missing_lines": [], "excluded_lines": []}, "RuntimeConfig": {"executed_lines": [], "summary": {"covered_lines": 0, "num_statements": 49, "percent_covered": 0.0, "percent_covered_display": "0", "missing_lines": 49, "excluded_lines": 0}, "missing_lines": [113, 114, 116, 117, 119, 133, 134, 135, 137, 138, 139, 141, 156, 195, 198, 199, 201, 202, 204, 205, 207, 208, 210, 211, 213, 214, 217, 218, 220, 221, 223, 224, 226, 227, 230, 231, 233, 234, 236, 237, 239, 240, 243, 244, 246, 247, 249, 250, 252], "excluded_lines": []}, "ConfigWatcher": {"executed_lines": [], "summary": {"covered_lines": 0, "num_statements": 29, "percent_covered": 0.0, "percent_covered_display": "0", "missing_lines": 29, "excluded_lines": 0}, "missing_lines": [270, 271, 272, 273, 277, 278, 280, 281, 282, 284, 298, 299, 302, 303, 306, 326, 327, 328, 329, 330, 332, 336, 337, 338, 339, 340, 344, 345, 346], "excluded_lines": []}, "ConfigWatcher.start.ConfigHandler": {"executed_lines": [], "summary": {"covered_lines": 0, "num_statements": 12, "percent_covered": 0.0, "percent_covered_display": "0", "missing_lines": 12, "excluded_lines": 0}, "missing_lines": [304, 307, 308, 310, 311, 312, 315, 316, 318, 321, 323, 324], "excluded_lines": []}, "": {"executed_lines": [], "summary": {"covered_lines": 0, "num_statements": 78, "percent_covered": 0.0, "percent_covered_display": "0", "missing_lines": 78, "excluded_lines": 0}, "missing_lines": [14, 15, 16, 17, 18, 19, 21, 22, 23, 25, 28, 31, 32, 35, 36, 37, 38, 39, 40, 43, 44, 47, 48, 49, 50, 51, 52, 55, 56, 59, 60, 61, 62, 63, 66, 67, 75, 78, 81, 84, 87, 90, 91, 92, 95, 96, 98, 99, 121, 122, 154, 188, 255, 262, 275, 286, 334, 342, 350, 351, 354, 370, 372, 373, 374, 375, 377, 379, 380, 382, 385, 395, 396, 397, 400, 403, 404, 405], "excluded_lines": []}}}, "src/core/edge.py": {"executed_lines": [1, 24, 25, 26, 27, 30, 31, 32, 33, 36, 37, 38, 52, 53, 54, 55, 56, 57, 58, 59, 60, 62, 64, 65, 73, 81, 82, 83, 88, 89, 96, 116, 125, 135, 138, 139, 142, 143, 146, 147, 149], "summary": {"covered_lines": 38, "num_statements": 38, "percent_covered": 100.0, "percent_covered_display": "100", "missing_lines": 0, "excluded_lines": 0}, "missing_lines": [], "excluded_lines": [], "functions": {"EdgeBreakdown.__post_init__": {"executed_lines": [64, 65], "summary": {"covered_lines": 2, "num_statements": 2, "percent_covered": 100.0, "percent_covered_display": "100", "missing_lines": 0, "excluded_lines": 0}, "missing_lines": [], "excluded_lines": []}, "EdgeBreakdown._calculate_decision": {"executed_lines": [81, 82, 83, 88, 89], "summary": {"covered_lines": 5, "num_statements": 5, "percent_covered": 100.0, "percent_covered_display": "100", "missing_lines": 0, "excluded_lines": 0}, "missing_lines": [], "excluded_lines": []}, "calculate_net_edge": {"executed_lines": [116], "summary": {"covered_lines": 1, "num_statements": 1, "percent_covered": 100.0, "percent_covered_display": "100", "missing_lines": 0, "excluded_lines": 0}, "missing_lines": [], "excluded_lines": []}, "validate_edge_breakdown": {"executed_lines": [135, 138, 139, 142, 143, 146, 147, 149], "summary": {"covered_lines": 8, "num_statements": 8, "percent_covered": 100.0, "percent_covered_display": "100", "missing_lines": 0, "excluded_lines": 0}, "missing_lines": [], "excluded_lines": []}, "": {"executed_lines": [1, 24, 25, 26, 27, 30, 31, 32, 33, 36, 37, 38, 52, 53, 54, 55, 56, 57, 58, 59, 60, 62, 73, 96, 125], "summary": {"covered_lines": 22, "num_statements": 22, "percent_covered": 100.0, "percent_covered_display": "100", "missing_lines": 0, "excluded_lines": 0}, "missing_lines": [], "excluded_lines": []}}, "classes": {"Decision": {"executed_lines": [], "summary": {"covered_lines": 0, "num_statements": 0, "percent_covered": 100.0, "percent_covered_display": "100", "missing_lines": 0, "excluded_lines": 0}, "missing_lines": [], "excluded_lines": []}, "EdgeBreakdown": {"executed_lines": [64, 65, 81, 82, 83, 88, 89], "summary": {"covered_lines": 7, "num_statements": 7, "percent_covered": 100.0, "percent_covered_display": "100", "missing_lines": 0, "excluded_lines": 0}, "missing_lines": [], "excluded_lines": []}, "": {"executed_lines": [1, 24, 25, 26, 27, 30, 31, 32, 33, 36, 37, 38, 52, 53, 54, 55, 56, 57, 58, 59, 60, 62, 73, 96, 116, 125, 135, 138, 139, 142, 143, 146, 147, 149], "summary": {"covered_lines": 31, "num_statements": 31, "percent_covered": 100.0, "percent_covered_display": "100", "missing_lines": 0, "excluded_lines": 0}, "missing_lines": [], "excluded_lines": []}}}, "src/core/metrics.py": {"executed_lines": [1, 20, 21, 22, 23, 24, 25, 26, 29, 32, 33, 34, 46, 47, 48, 49, 50, 51, 52, 54, 56, 57, 59, 61, 72, 73, 74, 88, 89, 90, 91, 92, 93, 94, 95, 96, 99, 100, 102, 109, 111, 121, 122, 123, 126, 127, 133, 135, 137, 156, 163, 172, 174, 184, 189, 199, 201, 209, 212, 213, 214, 215, 218, 220, 233, 243, 244, 246, 247, 250, 252, 253, 254, 256, 257, 260, 261, 263, 271, 274, 282, 285, 286, 289, 307, 316, 319], "summary": {"covered_lines": 82, "num_statements": 83, "percent_covered": 98.79518072289157, "percent_covered_display": "99", "missing_lines": 1, "excluded_lines": 0}, "missing_lines": [202], "excluded_lines": [], "functions": {"LatencyMetric.__post_init__": {"executed_lines": [56, 57], "summary": {"covered_lines": 2, "num_statements": 2, "percent_covered": 100.0, "percent_covered_display": "100", "missing_lines": 0, "excluded_lines": 0}, "missing_lines": [], "excluded_lines": []}, "LatencyMetric.to_dict": {"executed_lines": [61], "summary": {"covered_lines": 1, "num_statements": 1, "percent_covered": 100.0, "percent_covered_display": "100", "missing_lines": 0, "excluded_lines": 0}, "missing_lines": [], "excluded_lines": []}, "TimeWindow.__init__": {"executed_lines": [109], "summary": {"covered_lines": 1, "num_statements": 1, "percent_covered": 100.0, "percent_covered_display": "100", "missing_lines": 0, "excluded_lines": 0}, "missing_lines": [], "excluded_lines": []}, "TimeWindow.contains": {"executed_lines": [121, 122, 123], "summary": {"covered_lines": 3, "num_statements": 3, "percent_covered": 100.0, "percent_covered_display": "100", "missing_lines": 0, "excluded_lines": 0}, "missing_lines": [], "excluded_lines": []}, "MetricsCollector.__init__": {"executed_lines": [135], "summary": {"covered_lines": 1, "num_statements": 1, "percent_covered": 100.0, "percent_covered_display": "100", "missing_lines": 0, "excluded_lines": 0}, "missing_lines": [], "excluded_lines": []}, "MetricsCollector.record_latency": {"executed_lines": [156, 163, 172], "summary": {"covered_lines": 3, "num_statements": 3, "percent_covered": 100.0, "percent_covered_display": "100", "missing_lines": 0, "excluded_lines": 0}, "missing_lines": [], "excluded_lines": []}, "MetricsCollector.get_metrics_in_window": {"executed_lines": [184], "summary": {"covered_lines": 1, "num_statements": 1, "percent_covered": 100.0, "percent_covered_display": "100", "missing_lines": 0, "excluded_lines": 0}, "missing_lines": [], "excluded_lines": []}, "MetricsCollector.calculate_snapshot": {"executed_lines": [199, 201, 209, 212, 213, 214, 215, 218, 220], "summary": {"covered_lines": 9, "num_statements": 10, "percent_covered": 90.0, "percent_covered_display": "90", "missing_lines": 1, "excluded_lines": 0}, "missing_lines": [202], "excluded_lines": []}, "calculate_percentiles": {"executed_lines": [243, 244, 246, 247, 250, 263], "summary": {"covered_lines": 6, "num_statements": 6, "percent_covered": 100.0, "percent_covered_display": "100", "missing_lines": 0, "excluded_lines": 0}, "missing_lines": [], "excluded_lines": []}, "calculate_percentiles.get_percentile": {"executed_lines": [252, 253, 254, 256, 257, 260, 261], "summary": {"covered_lines": 7, "num_statements": 7, "percent_covered": 100.0, "percent_covered_display": "100", "missing_lines": 0, "excluded_lines": 0}, "missing_lines": [], "excluded_lines": []}, "_write_metrics_log": {"executed_lines": [282, 285, 286], "summary": {"covered_lines": 3, "num_statements": 3, "percent_covered": 100.0, "percent_covered_display": "100", "missing_lines": 0, "excluded_lines": 0}, "missing_lines": [], "excluded_lines": []}, "record_latency": {"executed_lines": [307, 316, 319], "summary": {"covered_lines": 3, "num_statements": 3, "percent_covered": 100.0, "percent_covered_display": "100", "missing_lines": 0, "excluded_lines": 0}, "missing_lines": [], "excluded_lines": []}, "": {"executed_lines": [1, 20, 21, 22, 23, 24, 25, 26, 29, 32, 33, 34, 46, 47, 48, 49, 50, 51, 52, 54, 59, 72, 73, 74, 88, 89, 90, 91, 92, 93, 94, 95, 96, 99, 100, 102, 111, 126, 127, 133, 137, 174, 189, 233, 271, 274, 289], "summary": {"covered_lines": 42, "num_statements": 42, "percent_covered": 100.0, "percent_covered_display": "100", "missing_lines": 0, "excluded_lines": 0}, "missing_lines": [], "excluded_lines": []}}, "classes": {"LatencyMetric": {"executed_lines": [56, 57, 61], "summary": {"covered_lines": 3, "num_statements": 3, "percent_covered": 100.0, "percent_covered_display": "100", "missing_lines": 0, "excluded_lines": 0}, "missing_lines": [], "excluded_lines": []}, "MetricsSnapshot": {"executed_lines": [], "summary": {"covered_lines": 0, "num_statements": 0, "percent_covered": 100.0, "percent_covered_display": "100", "missing_lines": 0, "excluded_lines": 0}, "missing_lines": [], "excluded_lines": []}, "TimeWindow": {"executed_lines": [109, 121, 122, 123], "summary": {"covered_lines": 4, "num_statements": 4, "percent_covered": 100.0, "percent_covered_display": "100", "missing_lines": 0, "excluded_lines": 0}, "missing_lines": [], "excluded_lines": []}, "MetricsCollector": {"executed_lines": [135, 156, 163, 172, 184, 199, 201, 209, 212, 213, 214, 215, 218, 220], "summary": {"covered_lines": 14, "num_statements": 15, "percent_covered": 93.33333333333333, "percent_covered_display": "93", "missing_lines": 1, "excluded_lines": 0}, "missing_lines": [202], "excluded_lines": []}, "": {"executed_lines": [1, 20, 21, 22, 23, 24, 25, 26, 29, 32, 33, 34, 46, 47, 48, 49, 50, 51, 52, 54, 59, 72, 73, 74, 88, 89, 90, 91, 92, 93, 94, 95, 96, 99, 100, 102, 111, 126, 127, 133, 137, 174, 189, 233, 243, 244, 246, 247, 250, 252, 253, 254, 256, 257, 260, 261, 263, 271, 274, 282, 285, 286, 289, 307, 316, 319], "summary": {"covered_lines": 61, "num_statements": 61, "percent_covered": 100.0, "percent_covered_display": "100", "missing_lines": 0, "excluded_lines": 0}, "missing_lines": [], "excluded_lines": []}}}, "src/core/models.py": {"executed_lines": [1, 6, 7, 8, 9, 12, 13, 15, 16, 17, 19, 20, 21, 23, 24, 25, 28, 29, 31, 32, 33, 35, 36, 37, 39, 40, 41, 44, 45, 47, 48, 49, 50, 51, 56, 58, 59, 61, 62, 64, 66, 67, 69, 70, 72, 73, 74, 77, 80, 81, 83, 84, 85, 86, 87, 88, 89, 90, 91, 93, 94, 95, 97, 98, 99, 102, 103, 105, 106, 107, 108, 109, 110, 111, 112, 114, 115, 116, 118, 119, 120, 123, 124, 126, 127, 128, 129, 130, 131, 133, 136, 139, 140, 142, 143, 144, 147, 148, 150, 151, 152, 153, 154, 155, 156, 157, 162, 163, 164, 166, 167, 168, 171, 172, 174, 175, 176, 177, 178, 179, 181, 182, 183, 185, 186, 187, 190, 191, 193, 194, 195, 196, 197, 199, 200, 201, 203, 204, 205, 208, 209, 211, 212, 213, 218, 219, 220, 221, 222, 223, 224, 229, 230, 231, 233, 235, 237, 238, 239, 241, 242, 243, 245, 246, 247, 249], "summary": {"covered_lines": 154, "num_statements": 155, "percent_covered": 99.35483870967742, "percent_covered_display": "99", "missing_lines": 1, "excluded_lines": 0}, "missing_lines": [234], "excluded_lines": [], "functions": {"Bid.validate_positive": {"executed_lines": [23, 24, 25], "summary": {"covered_lines": 3, "num_statements": 3, "percent_covered": 100.0, "percent_covered_display": "100", "missing_lines": 0, "excluded_lines": 0}, "missing_lines": [], "excluded_lines": []}, "Ask.validate_positive": {"executed_lines": [39, 40, 41], "summary": {"covered_lines": 3, "num_statements": 3, "percent_covered": 100.0, "percent_covered_display": "100", "missing_lines": 0, "excluded_lines": 0}, "missing_lines": [], "excluded_lines": []}, "OrderBook.get_best_bid": {"executed_lines": [58, 59, 61, 62], "summary": {"covered_lines": 4, "num_statements": 4, "percent_covered": 100.0, "percent_covered_display": "100", "missing_lines": 0, "excluded_lines": 0}, "missing_lines": [], "excluded_lines": []}, "OrderBook.get_best_ask": {"executed_lines": [66, 67, 69, 70], "summary": {"covered_lines": 4, "num_statements": 4, "percent_covered": 100.0, "percent_covered_display": "100", "missing_lines": 0, "excluded_lines": 0}, "missing_lines": [], "excluded_lines": []}, "OrderBook.validate_sorted": {"executed_lines": [77], "summary": {"covered_lines": 1, "num_statements": 1, "percent_covered": 100.0, "percent_covered_display": "100", "missing_lines": 0, "excluded_lines": 0}, "missing_lines": [], "excluded_lines": []}, "Signal.validate_positive": {"executed_lines": [97, 98, 99], "summary": {"covered_lines": 3, "num_statements": 3, "percent_covered": 100.0, "percent_covered_display": "100", "missing_lines": 0, "excluded_lines": 0}, "missing_lines": [], "excluded_lines": []}, "ArbitrageOpportunity.validate_positive": {"executed_lines": [118, 119, 120], "summary": {"covered_lines": 3, "num_statements": 3, "percent_covered": 100.0, "percent_covered_display": "100", "missing_lines": 0, "excluded_lines": 0}, "missing_lines": [], "excluded_lines": []}, "MarketPair.is_mutually_exclusive": {"executed_lines": [136], "summary": {"covered_lines": 1, "num_statements": 1, "percent_covered": 100.0, "percent_covered_display": "100", "missing_lines": 0, "excluded_lines": 0}, "missing_lines": [], "excluded_lines": []}, "MarketMetadata.validate_token_ids_match_outcomes": {"executed_lines": [166, 167, 168], "summary": {"covered_lines": 3, "num_statements": 3, "percent_covered": 100.0, "percent_covered_display": "100", "missing_lines": 0, "excluded_lines": 0}, "missing_lines": [], "excluded_lines": []}, "VWAPResult.validate_non_negative": {"executed_lines": [185, 186, 187], "summary": {"covered_lines": 3, "num_statements": 3, "percent_covered": 100.0, "percent_covered_display": "100", "missing_lines": 0, "excluded_lines": 0}, "missing_lines": [], "excluded_lines": []}, "TokenOpportunity.validate_positive": {"executed_lines": [203, 204, 205], "summary": {"covered_lines": 3, "num_statements": 3, "percent_covered": 100.0, "percent_covered_display": "100", "missing_lines": 0, "excluded_lines": 0}, "missing_lines": [], "excluded_lines": []}, "NegRiskSignal.validate_at_least_two_opportunities": {"executed_lines": [233, 235], "summary": {"covered_lines": 2, "num_statements": 3, "percent_covered": 66.66666666666667, "percent_covered_display": "67", "missing_lines": 1, "excluded_lines": 0}, "missing_lines": [234], "excluded_lines": []}, "NegRiskSignal.validate_non_negative": {"executed_lines": [241, 242, 243], "summary": {"covered_lines": 3, "num_statements": 3, "percent_covered": 100.0, "percent_covered_display": "100", "missing_lines": 0, "excluded_lines": 0}, "missing_lines": [], "excluded_lines": []}, "NegRiskSignal.validate_profit_can_be_negative": {"executed_lines": [249], "summary": {"covered_lines": 1, "num_statements": 1, "percent_covered": 100.0, "percent_covered_display": "100", "missing_lines": 0, "excluded_lines": 0}, "missing_lines": [], "excluded_lines": []}, "": {"executed_lines": [1, 6, 7, 8, 9, 12, 13, 15, 16, 17, 19, 20, 21, 28, 29, 31, 32, 33, 35, 36, 37, 44, 45, 47, 48, 49, 50, 51, 56, 64, 72, 73, 74, 80, 81, 83, 84, 85, 86, 87, 88, 89, 90, 91, 93, 94, 95, 102, 103, 105, 106, 107, 108, 109, 110, 111, 112, 114, 115, 116, 123, 124, 126, 127, 128, 129, 130, 131, 133, 139, 140, 142, 143, 144, 147, 148, 150, 151, 152, 153, 154, 155, 156, 157, 162, 163, 164, 171, 172, 174, 175, 176, 177, 178, 179, 181, 182, 183, 190, 191, 193, 194, 195, 196, 197, 199, 200, 201, 208, 209, 211, 212, 213, 218, 219, 220, 221, 222, 223, 224, 229, 230, 231, 237, 238, 239, 245, 246, 247], "summary": {"covered_lines": 117, "num_statements": 117, "percent_covered": 100.0, "percent_covered_display": "100", "missing_lines": 0, "excluded_lines": 0}, "missing_lines": [], "excluded_lines": []}}, "classes": {"Bid": {"executed_lines": [23, 24, 25], "summary": {"covered_lines": 3, "num_statements": 3, "percent_covered": 100.0, "percent_covered_display": "100", "missing_lines": 0, "excluded_lines": 0}, "missing_lines": [], "excluded_lines": []}, "Ask": {"executed_lines": [39, 40, 41], "summary": {"covered_lines": 3, "num_statements": 3, "percent_covered": 100.0, "percent_covered_display": "100", "missing_lines": 0, "excluded_lines": 0}, "missing_lines": [], "excluded_lines": []}, "OrderBook": {"executed_lines": [58, 59, 61, 62, 66, 67, 69, 70, 77], "summary": {"covered_lines": 9, "num_statements": 9, "percent_covered": 100.0, "percent_covered_display": "100", "missing_lines": 0, "excluded_lines": 0}, "missing_lines": [], "excluded_lines": []}, "Signal": {"executed_lines": [97, 98, 99], "summary": {"covered_lines": 3, "num_statements": 3, "percent_covered": 100.0, "percent_covered_display": "100", "missing_lines": 0, "excluded_lines": 0}, "missing_lines": [], "excluded_lines": []}, "ArbitrageOpportunity": {"executed_lines": [118, 119, 120], "summary": {"covered_lines": 3, "num_statements": 3, "percent_covered": 100.0, "percent_covered_display": "100", "missing_lines": 0, "excluded_lines": 0}, "missing_lines": [], "excluded_lines": []}, "MarketPair": {"executed_lines": [136], "summary": {"covered_lines": 1, "num_statements": 1, "percent_covered": 100.0, "percent_covered_display": "100", "missing_lines": 0, "excluded_lines": 0}, "missing_lines": [], "excluded_lines": []}, "Outcome": {"executed_lines": [], "summary": {"covered_lines": 0, "num_statements": 0, "percent_covered": 100.0, "percent_covered_display": "100", "missing_lines": 0, "excluded_lines": 0}, "missing_lines": [], "excluded_lines": []}, "MarketMetadata": {"executed_lines": [166, 167, 168], "summary": {"covered_lines": 3, "num_statements": 3, "percent_covered": 100.0, "percent_covered_display": "100", "missing_lines": 0, "excluded_lines": 0}, "missing_lines": [], "excluded_lines": []}, "VWAPResult": {"executed_lines": [185, 186, 187], "summary": {"covered_lines": 3, "num_statements": 3, "percent_covered": 100.0, "percent_covered_display": "100", "missing_lines": 0, "excluded_lines": 0}, "missing_lines": [], "excluded_lines": []}, "TokenOpportunity": {"executed_lines": [203, 204, 205], "summary": {"covered_lines": 3, "num_statements": 3, "percent_covered": 100.0, "percent_covered_display": "100", "missing_lines": 0, "excluded_lines": 0}, "missing_lines": [], "excluded_lines": []}, "NegRiskSignal": {"executed_lines": [233, 235, 241, 242, 243, 249], "summary": {"covered_lines": 6, "num_statements": 7, "percent_covered": 85.71428571428571, "percent_covered_display": "86", "missing_lines": 1, "excluded_lines": 0}, "missing_lines": [234], "excluded_lines": []}, "": {"executed_lines": [1, 6, 7, 8, 9, 12, 13, 15, 16, 17, 19, 20, 21, 28, 29, 31, 32, 33, 35, 36, 37, 44, 45, 47, 48, 49, 50, 51, 56, 64, 72, 73, 74, 80, 81, 83, 84, 85, 86, 87, 88, 89, 90, 91, 93, 94, 95, 102, 103, 105, 106, 107, 108, 109, 110, 111, 112, 114, 115, 116, 123, 124, 126, 127, 128, 129, 130, 131, 133, 139, 140, 142, 143, 144, 147, 148, 150, 151, 152, 153, 154, 155, 156, 157, 162, 163, 164, 171, 172, 174, 175, 176, 177, 178, 179, 181, 182, 183, 190, 191, 193, 194, 195, 196, 197, 199, 200, 201, 208, 209, 211, 212, 213, 218, 219, 220, 221, 222, 223, 224, 229, 230, 231, 237, 238, 239, 245, 246, 247], "summary": {"covered_lines": 117, "num_statements": 117, "percent_covered": 100.0, "percent_covered_display": "100", "missing_lines": 0, "excluded_lines": 0}, "missing_lines": [], "excluded_lines": []}}}, "src/core/recorder.py": {"executed_lines": [1, 19, 20, 21, 22, 23, 24, 25, 26, 29, 32, 33, 34, 35, 36, 37, 40, 41, 47, 54, 55, 56, 58, 74, 84, 86, 110, 124, 126, 146, 158, 160, 180, 192, 194, 201, 202, 203, 205, 206, 209, 210, 212, 217, 218, 222, 225, 228, 229, 230, 233, 235, 241, 245, 248, 258, 259, 261, 262, 265, 276, 277], "summary": {"covered_lines": 59, "num_statements": 66, "percent_covered": 89.39393939393939, "percent_covered_display": "89", "missing_lines": 7, "excluded_lines": 0}, "missing_lines": [219, 278, 279, 280, 281, 282, 283], "excluded_lines": [], "functions": {"EventRecorder.__init__": {"executed_lines": [54, 55, 56], "summary": {"covered_lines": 3, "num_statements": 3, "percent_covered": 100.0, "percent_covered_display": "100", "missing_lines": 0, "excluded_lines": 0}, "missing_lines": [], "excluded_lines": []}, "EventRecorder.record_orderbook_snapshot": {"executed_lines": [74, 84], "summary": {"covered_lines": 2, "num_statements": 2, "percent_covered": 100.0, "percent_covered_display": "100", "missing_lines": 0, "excluded_lines": 0}, "missing_lines": [], "excluded_lines": []}, "EventRecorder.record_signal": {"executed_lines": [110, 124], "summary": {"covered_lines": 2, "num_statements": 2, "percent_covered": 100.0, "percent_covered_display": "100", "missing_lines": 0, "excluded_lines": 0}, "missing_lines": [], "excluded_lines": []}, "EventRecorder.record_order_request": {"executed_lines": [146, 158], "summary": {"covered_lines": 2, "num_statements": 2, "percent_covered": 100.0, "percent_covered_display": "100", "missing_lines": 0, "excluded_lines": 0}, "missing_lines": [], "excluded_lines": []}, "EventRecorder.record_order_result": {"executed_lines": [180, 192], "summary": {"covered_lines": 2, "num_statements": 2, "percent_covered": 100.0, "percent_covered_display": "100", "missing_lines": 0, "excluded_lines": 0}, "missing_lines": [], "excluded_lines": []}, "EventRecorder._add_to_buffer": {"executed_lines": [201, 202, 203, 205, 206, 209, 210], "summary": {"covered_lines": 7, "num_statements": 7, "percent_covered": 100.0, "percent_covered_display": "100", "missing_lines": 0, "excluded_lines": 0}, "missing_lines": [], "excluded_lines": []}, "EventRecorder._flush_unlocked": {"executed_lines": [217, 218, 222, 225, 228, 229, 230, 233], "summary": {"covered_lines": 8, "num_statements": 9, "percent_covered": 88.88888888888889, "percent_covered_display": "89", "missing_lines": 1, "excluded_lines": 0}, "missing_lines": [219], "excluded_lines": []}, "EventRecorder.flush": {"executed_lines": [241], "summary": {"covered_lines": 1, "num_statements": 1, "percent_covered": 100.0, "percent_covered_display": "100", "missing_lines": 0, "excluded_lines": 0}, "missing_lines": [], "excluded_lines": []}, "get_events_path": {"executed_lines": [258, 259, 261, 262], "summary": {"covered_lines": 4, "num_statements": 4, "percent_covered": 100.0, "percent_covered_display": "100", "missing_lines": 0, "excluded_lines": 0}, "missing_lines": [], "excluded_lines": []}, "record_event": {"executed_lines": [276, 277], "summary": {"covered_lines": 2, "num_statements": 8, "percent_covered": 25.0, "percent_covered_display": "25", "missing_lines": 6, "excluded_lines": 0}, "missing_lines": [278, 279, 280, 281, 282, 283], "excluded_lines": []}, "": {"executed_lines": [1, 19, 20, 21, 22, 23, 24, 25, 26, 29, 32, 33, 34, 35, 36, 37, 40, 41, 47, 58, 86, 126, 160, 194, 212, 235, 245, 248, 265], "summary": {"covered_lines": 26, "num_statements": 26, "percent_covered": 100.0, "percent_covered_display": "100", "missing_lines": 0, "excluded_lines": 0}, "missing_lines": [], "excluded_lines": []}}, "classes": {"EventType": {"executed_lines": [], "summary": {"covered_lines": 0, "num_statements": 0, "percent_covered": 100.0, "percent_covered_display": "100", "missing_lines": 0, "excluded_lines": 0}, "missing_lines": [], "excluded_lines": []}, "EventRecorder": {"executed_lines": [54, 55, 56, 74, 84, 110, 124, 146, 158, 180, 192, 201, 202, 203, 205, 206, 209, 210, 217, 218, 222, 225, 228, 229, 230, 233, 241], "summary": {"covered_lines": 27, "num_statements": 28, "percent_covered": 96.42857142857143, "percent_covered_display": "96", "missing_lines": 1, "excluded_lines": 0}, "missing_lines": [219], "excluded_lines": []}, "": {"executed_lines": [1, 19, 20, 21, 22, 23, 24, 25, 26, 29, 32, 33, 34, 35, 36, 37, 40, 41, 47, 58, 86, 126, 160, 194, 212, 235, 245, 248, 258, 259, 261, 262, 265, 276, 277], "summary": {"covered_lines": 32, "num_statements": 38, "percent_covered": 84.21052631578948, "percent_covered_display": "84", "missing_lines": 6, "excluded_lines": 0}, "missing_lines": [278, 279, 280, 281, 282, 283], "excluded_lines": []}}}, "src/core/telemetry.py": {"executed_lines": [1, 14, 15, 16, 17, 18, 19, 20, 21, 24, 27, 28, 29, 30, 31, 32, 35, 36, 37, 46, 47, 48, 49, 51, 53, 54, 56, 58, 67, 70, 77, 80, 88, 91, 92, 101, 102, 103, 105, 107, 108, 109, 111, 113, 114, 117, 125, 128, 129, 132, 149, 150, 152, 154, 157, 164, 166], "summary": {"covered_lines": 53, "num_statements": 53, "percent_covered": 100.0, "percent_covered_display": "100", "missing_lines": 0, "excluded_lines": 0}, "missing_lines": [], "excluded_lines": [], "functions": {"TelemetryEvent.__post_init__": {"executed_lines": [53, 54], "summary": {"covered_lines": 2, "num_statements": 2, "percent_covered": 100.0, "percent_covered_display": "100", "missing_lines": 0, "excluded_lines": 0}, "missing_lines": [], "excluded_lines": []}, "TelemetryEvent.to_dict": {"executed_lines": [58], "summary": {"covered_lines": 1, "num_statements": 1, "percent_covered": 100.0, "percent_covered_display": "100", "missing_lines": 0, "excluded_lines": 0}, "missing_lines": [], "excluded_lines": []}, "generate_trace_id": {"executed_lines": [77], "summary": {"covered_lines": 1, "num_statements": 1, "percent_covered": 100.0, "percent_covered_display": "100", "missing_lines": 0, "excluded_lines": 0}, "missing_lines": [], "excluded_lines": []}, "get_current_trace_id": {"executed_lines": [88], "summary": {"covered_lines": 1, "num_statements": 1, "percent_covered": 100.0, "percent_covered_display": "100", "missing_lines": 0, "excluded_lines": 0}, "missing_lines": [], "excluded_lines": []}, "TraceContext.__init__": {"executed_lines": [102, 103], "summary": {"covered_lines": 2, "num_statements": 2, "percent_covered": 100.0, "percent_covered_display": "100", "missing_lines": 0, "excluded_lines": 0}, "missing_lines": [], "excluded_lines": []}, "TraceContext.__aenter__": {"executed_lines": [107, 108, 109], "summary": {"covered_lines": 3, "num_statements": 3, "percent_covered": 100.0, "percent_covered_display": "100", "missing_lines": 0, "excluded_lines": 0}, "missing_lines": [], "excluded_lines": []}, "TraceContext.__aexit__": {"executed_lines": [113, 114], "summary": {"covered_lines": 2, "num_statements": 2, "percent_covered": 100.0, "percent_covered_display": "100", "missing_lines": 0, "excluded_lines": 0}, "missing_lines": [], "excluded_lines": []}, "_write_event_log": {"executed_lines": [125, 128, 129], "summary": {"covered_lines": 3, "num_statements": 3, "percent_covered": 100.0, "percent_covered_display": "100", "missing_lines": 0, "excluded_lines": 0}, "missing_lines": [], "excluded_lines": []}, "log_event": {"executed_lines": [149, 150, 152, 154, 157, 164, 166], "summary": {"covered_lines": 7, "num_statements": 7, "percent_covered": 100.0, "percent_covered_display": "100", "missing_lines": 0, "excluded_lines": 0}, "missing_lines": [], "excluded_lines": []}, "": {"executed_lines": [1, 14, 15, 16, 17, 18, 19, 20, 21, 24, 27, 28, 29, 30, 31, 32, 35, 36, 37, 46, 47, 48, 49, 51, 56, 67, 70, 80, 91, 92, 101, 105, 111, 117, 132], "summary": {"covered_lines": 31, "num_statements": 31, "percent_covered": 100.0, "percent_covered_display": "100", "missing_lines": 0, "excluded_lines": 0}, "missing_lines": [], "excluded_lines": []}}, "classes": {"EventType": {"executed_lines": [], "summary": {"covered_lines": 0, "num_statements": 0, "percent_covered": 100.0, "percent_covered_display": "100", "missing_lines": 0, "excluded_lines": 0}, "missing_lines": [], "excluded_lines": []}, "TelemetryEvent": {"executed_lines": [53, 54, 58], "summary": {"covered_lines": 3, "num_statements": 3, "percent_covered": 100.0, "percent_covered_display": "100", "missing_lines": 0, "excluded_lines": 0}, "missing_lines": [], "excluded_lines": []}, "TraceContext": {"executed_lines": [102, 103, 107, 108, 109, 113, 114], "summary": {"covered_lines": 7, "num_statements": 7, "percent_covered": 100.0, "percent_covered_display": "100", "missing_lines": 0, "excluded_lines": 0}, "missing_lines": [], "excluded_lines": []}, "": {"executed_lines": [1, 14, 15, 16, 17, 18, 19, 20, 21, 24, 27, 28, 29, 30, 31, 32, 35, 36, 37, 46, 47, 48, 49, 51, 56, 67, 70, 77, 80, 88, 91, 92, 101, 105, 111, 117, 125, 128, 129, 132, 149, 150, 152, 154, 157, 164, 166], "summary": {"covered_lines": 43, "num_statements": 43, "percent_covered": 100.0, "percent_covered_display": "100", "missing_lines": 0, "excluded_lines": 0}, "missing_lines": [], "excluded_lines": []}}}, "src/execution/__init__.py": {"executed_lines": [1, 6, 7, 9], "summary": {"covered_lines": 3, "num_statements": 3, "percent_covered": 100.0, "percent_covered_display": "100", "missing_lines": 0, "excluded_lines": 0}, "missing_lines": [], "excluded_lines": [], "functions": {"": {"executed_lines": [1, 6, 7, 9], "summary": {"covered_lines": 3, "num_statements": 3, "percent_covered": 100.0, "percent_covered_display": "100", "missing_lines": 0, "excluded_lines": 0}, "missing_lines": [], "excluded_lines": []}}, "classes": {"": {"executed_lines": [1, 6, 7, 9], "summary": {"covered_lines": 3, "num_statements": 3, "percent_covered": 100.0, "percent_covered_display": "100", "missing_lines": 0, "excluded_lines": 0}, "missing_lines": [], "excluded_lines": []}}}, "src/execution/circuit_breaker.py": {"executed_lines": [1, 23, 24, 25, 26, 27, 28, 30, 32, 35, 38, 39, 40, 41, 42, 45, 46, 47, 50, 51, 52, 55, 56, 59, 62, 63, 64, 66, 67, 68, 69, 70, 73, 74, 85, 112, 113, 117, 118, 122, 123, 137, 173, 211, 239, 317, 326, 335, 367, 368, 370, 379, 385, 391], "summary": {"covered_lines": 48, "num_statements": 145, "percent_covered": 33.10344827586207, "percent_covered_display": "33", "missing_lines": 97, "excluded_lines": 0}, "missing_lines": [97, 98, 101, 102, 105, 106, 107, 110, 115, 120, 125, 126, 128, 129, 131, 132, 134, 135, 148, 149, 153, 156, 157, 161, 164, 165, 169, 171, 181, 182, 183, 186, 189, 192, 205, 206, 207, 208, 209, 213, 214, 216, 218, 219, 224, 226, 228, 229, 234, 254, 256, 259, 260, 261, 264, 265, 266, 271, 272, 273, 276, 277, 283, 284, 285, 288, 289, 291, 293, 295, 296, 303, 304, 305, 308, 309, 312, 313, 315, 324, 328, 329, 330, 331, 332, 333, 342, 343, 345, 346, 347, 353, 377, 381, 382, 383, 388], "excluded_lines": [], "functions": {"CircuitBreaker.__init__": {"executed_lines": [], "summary": {"covered_lines": 0, "num_statements": 8, "percent_covered": 0.0, "percent_covered_display": "0", "missing_lines": 8, "excluded_lines": 0}, "missing_lines": [97, 98, 101, 102, 105, 106, 107, 110], "excluded_lines": []}, "CircuitBreaker.state": {"executed_lines": [], "summary": {"covered_lines": 0, "num_statements": 1, "percent_covered": 0.0, "percent_covered_display": "0", "missing_lines": 1, "excluded_lines": 0}, "missing_lines": [115], "excluded_lines": []}, "CircuitBreaker.consecutive_failures": {"executed_lines": [], "summary": {"covered_lines": 0, "num_statements": 1, "percent_covered": 0.0, "percent_covered_display": "0", "missing_lines": 1, "excluded_lines": 0}, "missing_lines": [120], "excluded_lines": []}, "CircuitBreaker.failure_rate": {"executed_lines": [], "summary": {"covered_lines": 0, "num_statements": 8, "percent_covered": 0.0, "percent_covered_display": "0", "missing_lines": 8, "excluded_lines": 0}, "missing_lines": [125, 126, 128, 129, 131, 132, 134, 135], "excluded_lines": []}, "CircuitBreaker._should_trip": {"executed_lines": [], "summary": {"covered_lines": 0, "num_statements": 10, "percent_covered": 0.0, "percent_covered_display": "0", "missing_lines": 10, "excluded_lines": 0}, "missing_lines": [148, 149, 153, 156, 157, 161, 164, 165, 169, 171], "excluded_lines": []}, "CircuitBreaker._transition_to": {"executed_lines": [], "summary": {"covered_lines": 0, "num_statements": 11, "percent_covered": 0.0, "percent_covered_display": "0", "missing_lines": 11, "excluded_lines": 0}, "missing_lines": [181, 182, 183, 186, 189, 192, 205, 206, 207, 208, 209], "excluded_lines": []}, "CircuitBreaker._check_state_transition": {"executed_lines": [], "summary": {"covered_lines": 0, "num_statements": 10, "percent_covered": 0.0, "percent_covered_display": "0", "missing_lines": 10, "excluded_lines": 0}, "missing_lines": [213, 214, 216, 218, 219, 224, 226, 228, 229, 234], "excluded_lines": []}, "CircuitBreaker.call": {"executed_lines": [], "summary": {"covered_lines": 0, "num_statements": 30, "percent_covered": 0.0, "percent_covered_display": "0", "missing_lines": 30, "excluded_lines": 0}, "missing_lines": [254, 256, 259, 260, 261, 264, 265, 266, 271, 272, 273, 276, 277, 283, 284, 285, 288, 289, 291, 293, 295, 296, 303, 304, 305, 308, 309, 312, 313, 315], "excluded_lines": []}, "CircuitBreaker.can_execute": {"executed_lines": [], "summary": {"covered_lines": 0, "num_statements": 1, "percent_covered": 0.0, "percent_covered_display": "0", "missing_lines": 1, "excluded_lines": 0}, "missing_lines": [324], "excluded_lines": []}, "CircuitBreaker.reset": {"executed_lines": [], "summary": {"covered_lines": 0, "num_statements": 6, "percent_covered": 0.0, "percent_covered_display": "0", "missing_lines": 6, "excluded_lines": 0}, "missing_lines": [328, 329, 330, 331, 332, 333], "excluded_lines": []}, "CircuitBreaker.get_stats": {"executed_lines": [], "summary": {"covered_lines": 0, "num_statements": 6, "percent_covered": 0.0, "percent_covered_display": "0", "missing_lines": 6, "excluded_lines": 0}, "missing_lines": [342, 343, 345, 346, 347, 353], "excluded_lines": []}, "CircuitBreakerContext.__init__": {"executed_lines": [], "summary": {"covered_lines": 0, "num_statements": 1, "percent_covered": 0.0, "percent_covered_display": "0", "missing_lines": 1, "excluded_lines": 0}, "missing_lines": [377], "excluded_lines": []}, "CircuitBreakerContext.__aenter__": {"executed_lines": [], "summary": {"covered_lines": 0, "num_statements": 3, "percent_covered": 0.0, "percent_covered_display": "0", "missing_lines": 3, "excluded_lines": 0}, "missing_lines": [381, 382, 383], "excluded_lines": []}, "CircuitBreakerContext.__aexit__": {"executed_lines": [], "summary": {"covered_lines": 0, "num_statements": 1, "percent_covered": 0.0, "percent_covered_display": "0", "missing_lines": 1, "excluded_lines": 0}, "missing_lines": [388], "excluded_lines": []}, "": {"executed_lines": [1, 23, 24, 25, 26, 27, 28, 30, 32, 35, 38, 39, 40, 41, 42, 45, 46, 47, 50, 51, 52, 55, 56, 59, 62, 63, 64, 66, 67, 68, 69, 70, 73, 74, 85, 112, 113, 117, 118, 122, 123, 137, 173, 211, 239, 317, 326, 335, 367, 368, 370, 379, 385, 391], "summary": {"covered_lines": 48, "num_statements": 48, "percent_covered": 100.0, "percent_covered_display": "100", "missing_lines": 0, "excluded_lines": 0}, "missing_lines": [], "excluded_lines": []}}, "classes": {"CircuitState": {"executed_lines": [], "summary": {"covered_lines": 0, "num_statements": 0, "percent_covered": 100.0, "percent_covered_display": "100", "missing_lines": 0, "excluded_lines": 0}, "missing_lines": [], "excluded_lines": []}, "CircuitBreakerConfig": {"executed_lines": [], "summary": {"covered_lines": 0, "num_statements": 0, "percent_covered": 100.0, "percent_covered_display": "100", "missing_lines": 0, "excluded_lines": 0}, "missing_lines": [], "excluded_lines": []}, "CallResult": {"executed_lines": [], "summary": {"covered_lines": 0, "num_statements": 0, "percent_covered": 100.0, "percent_covered_display": "100", "missing_lines": 0, "excluded_lines": 0}, "missing_lines": [], "excluded_lines": []}, "CircuitBreaker": {"executed_lines": [], "summary": {"covered_lines": 0, "num_statements": 92, "percent_covered": 0.0, "percent_covered_display": "0", "missing_lines": 92, "excluded_lines": 0}, "missing_lines": [97, 98, 101, 102, 105, 106, 107, 110, 115, 120, 125, 126, 128, 129, 131, 132, 134, 135, 148, 149, 153, 156, 157, 161, 164, 165, 169, 171, 181, 182, 183, 186, 189, 192, 205, 206, 207, 208, 209, 213, 214, 216, 218, 219, 224, 226, 228, 229, 234, 254, 256, 259, 260, 261, 264, 265, 266, 271, 272, 273, 276, 277, 283, 284, 285, 288, 289, 291, 293, 295, 296, 303, 304, 305, 308, 309, 312, 313, 315, 324, 328, 329, 330, 331, 332, 333, 342, 343, 345, 346, 347, 353], "excluded_lines": []}, "CircuitBreakerContext": {"executed_lines": [], "summary": {"covered_lines": 0, "num_statements": 5, "percent_covered": 0.0, "percent_covered_display": "0", "missing_lines": 5, "excluded_lines": 0}, "missing_lines": [377, 381, 382, 383, 388], "excluded_lines": []}, "": {"executed_lines": [1, 23, 24, 25, 26, 27, 28, 30, 32, 35, 38, 39, 40, 41, 42, 45, 46, 47, 50, 51, 52, 55, 56, 59, 62, 63, 64, 66, 67, 68, 69, 70, 73, 74, 85, 112, 113, 117, 118, 122, 123, 137, 173, 211, 239, 317, 326, 335, 367, 368,
[...]
 "RiskManager.estimate_total_cost": {"executed_lines": [337, 339, 344, 345], "summary": {"covered_lines": 4, "num_statements": 5, "percent_covered": 80.0, "percent_covered_display": "80", "missing_lines": 1, "excluded_lines": 0}, "missing_lines": [342], "excluded_lines": []}, "": {"executed_lines": [1, 14, 15, 16, 18, 19, 20, 21, 24, 25, 26, 27, 28, 29, 30, 31, 32, 35, 36, 42, 63, 209, 275, 302, 319], "summary": {"covered_lines": 22, "num_statements": 22, "percent_covered": 100.0, "percent_covered_display": "100", "missing_lines": 0, "excluded_lines": 0}, "missing_lines": [], "excluded_lines": []}}, "classes": {"RejectCode": {"executed_lines": [], "summary": {"covered_lines": 0, "num_statements": 0, "percent_covered": 100.0, "percent_covered_display": "100", "missing_lines": 0, "excluded_lines": 0}, "missing_lines": [], "excluded_lines": []}, "RiskManager": {"executed_lines": [58, 59, 60, 61, 234, 235, 236, 239, 240, 243, 246, 247, 250, 253, 254, 255, 258, 259, 262, 265, 266, 272, 273, 291, 294, 298, 300, 317, 337, 339, 344, 345], "summary": {"covered_lines": 32, "num_statements": 74, "percent_covered": 43.24324324324324, "percent_covered_display": "43", "missing_lines": 42, "excluded_lines": 0}, "missing_lines": [87, 90, 93, 102, 103, 106, 107, 108, 111, 112, 113, 116, 117, 118, 121, 122, 123, 126, 127, 128, 131, 132, 133, 134, 137, 138, 139, 140, 144, 145, 148, 149, 164, 165, 178, 179, 182, 183, 197, 267, 270, 342], "excluded_lines": []}, "": {"executed_lines": [1, 14, 15, 16, 18, 19, 20, 21, 24, 25, 26, 27, 28, 29, 30, 31, 32, 35, 36, 42, 63, 209, 275, 302, 319], "summary": {"covered_lines": 22, "num_statements": 22, "percent_covered": 100.0, "percent_covered_display": "100", "missing_lines": 0, "excluded_lines": 0}, "missing_lines": [], "excluded_lines": []}}}, "src/execution/tx_sender.py": {"executed_lines": [1, 21, 22, 23, 24, 25, 26, 28, 29, 30, 31, 32, 33, 34, 35, 38, 39, 40, 41, 42, 45, 46, 47, 48, 49, 50, 51, 52, 53, 54, 55, 58, 59, 71, 91, 92, 93, 94, 95, 96, 97, 100, 101, 102, 103, 104, 107, 109, 130, 133, 146, 149, 160, 162, 164, 167, 168, 172, 178, 179, 180, 189, 192, 195, 198, 203, 210, 211, 214, 217, 218, 220, 222, 224, 225, 228, 231, 233, 241, 248, 249, 251, 258, 260, 261, 263, 264, 265, 266, 277, 279, 289, 290, 292, 293, 295, 296, 298, 300, 301, 303, 305, 322, 329, 341, 343, 362, 364, 365, 366, 368, 378, 379, 380, 382, 388, 393, 394, 395, 396, 399, 400, 404, 415, 430, 432, 435, 437], "summary": {"covered_lines": 124, "num_statements": 139, "percent_covered": 89.20863309352518, "percent_covered_display": "89", "missing_lines": 15, "excluded_lines": 0}, "missing_lines": [134, 138, 150, 152, 204, 205, 207, 229, 268, 269, 270, 389, 390, 444, 450], "excluded_lines": [], "functions": {"TxSender.__init__": {"executed_lines": [91, 92, 93, 94, 95, 96, 97, 100, 101, 102, 103, 104, 107], "summary": {"covered_lines": 13, "num_statements": 13, "percent_covered": 100.0, "percent_covered_display": "100", "missing_lines": 0, "excluded_lines": 0}, "missing_lines": [], "excluded_lines": []}, "TxSender.execute_signal": {"executed_lines": [130, 133, 146, 149, 160, 162, 164, 167, 168, 172, 178, 179, 180, 189, 192, 195, 198, 203, 210, 211, 214, 217, 218, 220, 222, 224, 225, 228, 231, 233], "summary": {"covered_lines": 30, "num_statements": 38, "percent_covered": 78.94736842105263, "percent_covered_display": "79", "missing_lines": 8, "excluded_lines": 0}, "missing_lines": [134, 138, 150, 152, 204, 205, 207, 229], "excluded_lines": []}, "TxSender.queue_transaction": {"executed_lines": [248, 249], "summary": {"covered_lines": 2, "num_statements": 2, "percent_covered": 100.0, "percent_covered_display": "100", "missing_lines": 0, "excluded_lines": 0}, "missing_lines": [], "excluded_lines": []}, "TxSender.process_queue": {"executed_lines": [258, 260, 261, 263, 264, 265, 266, 277], "summary": {"covered_lines": 8, "num_statements": 11, "percent_covered": 72.72727272727273, "percent_covered_display": "73", "missing_lines": 3, "excluded_lines": 0}, "missing_lines": [268, 269, 270], "excluded_lines": []}, "TxSender.check_transaction_status": {"executed_lines": [289, 290, 292, 293, 295, 296, 298, 300, 301, 303], "summary": {"covered_lines": 10, "num_statements": 10, "percent_covered": 100.0, "percent_covered_display": "100", "missing_lines": 0, "excluded_lines": 0}, "missing_lines": [], "excluded_lines": []}, "TxSender._build_transaction": {"executed_lines": [322, 329, 341], "summary": {"covered_lines": 3, "num_statements": 3, "percent_covered": 100.0, "percent_covered_display": "100", "missing_lines": 0, "excluded_lines": 0}, "missing_lines": [], "excluded_lines": []}, "TxSender._send_transaction_with_retry": {"executed_lines": [362, 364, 365, 366, 368, 378, 379, 380, 382, 388, 393, 394, 395, 396, 399, 400, 404], "summary": {"covered_lines": 17, "num_statements": 19, "percent_covered": 89.47368421052632, "percent_covered_display": "89", "missing_lines": 2, "excluded_lines": 0}, "missing_lines": [389, 390], "excluded_lines": []}, "TxSender._calculate_slippage_limit": {"executed_lines": [430, 432, 435], "summary": {"covered_lines": 3, "num_statements": 3, "percent_covered": 100.0, "percent_covered_display": "100", "missing_lines": 0, "excluded_lines": 0}, "missing_lines": [], "excluded_lines": []}, "TxSender.get_stats": {"executed_lines": [], "summary": {"covered_lines": 0, "num_statements": 2, "percent_covered": 0.0, "percent_covered_display": "0", "missing_lines": 2, "excluded_lines": 0}, "missing_lines": [444, 450], "excluded_lines": []}, "": {"executed_lines": [1, 21, 22, 23, 24, 25, 26, 28, 29, 30, 31, 32, 33, 34, 35, 38, 39, 40, 41, 42, 45, 46, 47, 48, 49, 50, 51, 52, 53, 54, 55, 58, 59, 71, 109, 241, 251, 279, 305, 343, 415, 437], "summary": {"covered_lines": 38, "num_statements": 38, "percent_covered": 100.0, "percent_covered_display": "100", "missing_lines": 0, "excluded_lines": 0}, "missing_lines": [], "excluded_lines": []}}, "classes": {"TxStatus": {"executed_lines": [], "summary": {"covered_lines": 0, "num_statements": 0, "percent_covered": 100.0, "percent_covered_display": "100", "missing_lines": 0, "excluded_lines": 0}, "missing_lines": [], "excluded_lines": []}, "TxResult": {"executed_lines": [], "summary": {"covered_lines": 0, "num_statements": 0, "percent_covered": 100.0, "percent_covered_display": "100", "missing_lines": 0, "excluded_lines": 0}, "missing_lines": [], "excluded_lines": []}, "TxSender": {"executed_lines": [91, 92, 93, 94, 95, 96, 97, 100, 101, 102, 103, 104, 107, 130, 133, 146, 149, 160, 162, 164, 167, 168, 172, 178, 179, 180, 189, 192, 195, 198, 203, 210, 211, 214, 217, 218, 220, 222, 224, 225, 228, 231, 233, 248, 249, 258, 260, 261, 263, 264, 265, 266, 277, 289, 290, 292, 293, 295, 296, 298, 300, 301, 303, 322, 329, 341, 362, 364, 365, 366, 368, 378, 379, 380, 382, 388, 393, 394, 395, 396, 399, 400, 404, 430, 432, 435], "summary": {"covered_lines": 86, "num_statements": 101, "percent_covered": 85.14851485148515, "percent_covered_display": "85", "missing_lines": 15, "excluded_lines": 0}, "missing_lines": [134, 138, 150, 152, 204, 205, 207, 229, 268, 269, 270, 389, 390, 444, 450], "excluded_lines": []}, "": {"executed_lines": [1, 21, 22, 23, 24, 25, 26, 28, 29, 30, 31, 32, 33, 34, 35, 38, 39, 40, 41, 42, 45, 46, 47, 48, 49, 50, 51, 52, 53, 54, 55, 58, 59, 71, 109, 241, 251, 279, 305, 343, 415, 437], "summary": {"covered_lines": 38, "num_statements": 38, "percent_covered": 100.0, "percent_covered_display": "100", "missing_lines": 0, "excluded_lines": 0}, "missing_lines": [], "excluded_lines": []}}}, "src/main.py": {"executed_lines": [], "summary": {"covered_lines": 0, "num_statements": 69, "percent_covered": 0.0, "percent_covered_display": "0", "missing_lines": 69, "excluded_lines": 0}, "missing_lines": [7, 8, 9, 10, 12, 14, 15, 16, 17, 18, 21, 24, 25, 30, 36, 37, 38, 41, 42, 45, 52, 59, 61, 62, 66, 71, 72, 73, 76, 77, 79, 83, 84, 88, 89, 91, 93, 100, 103, 105, 106, 107, 108, 109, 110, 111, 112, 115, 125, 126, 129, 137, 141, 142, 143, 144, 145, 147, 148, 149, 153, 154, 156, 157, 160, 161, 162, 163, 164], "excluded_lines": [], "functions": {"main": {"executed_lines": [], "summary": {"covered_lines": 0, "num_statements": 53, "percent_covered": 0.0, "percent_covered_display": "0", "missing_lines": 53, "excluded_lines": 0}, "missing_lines": [24, 25, 30, 36, 37, 38, 41, 42, 45, 52, 59, 61, 62, 66, 71, 72, 73, 76, 77, 79, 83, 84, 88, 89, 91, 93, 100, 103, 105, 106, 107, 108, 109, 110, 111, 112, 115, 125, 126, 129, 137, 141, 142, 143, 144, 145, 147, 148, 149, 153, 154, 156, 157], "excluded_lines": []}, "": {"executed_lines": [], "summary": {"covered_lines": 0, "num_statements": 16, "percent_covered": 0.0, "percent_covered_display": "0", "missing_lines": 16, "excluded_lines": 0}, "missing_lines": [7, 8, 9, 10, 12, 14, 15, 16, 17, 18, 21, 160, 161, 162, 163, 164], "excluded_lines": []}}, "classes": {"": {"executed_lines": [], "summary": {"covered_lines": 0, "num_statements": 69, "percent_covered": 0.0, "percent_covered_display": "0", "missing_lines": 69, "excluded_lines": 0}, "missing_lines": [7, 8, 9, 10, 12, 14, 15, 16, 17, 18, 21, 24, 25, 30, 36, 37, 38, 41, 42, 45, 52, 59, 61, 62, 66, 71, 72, 73, 76, 77, 79, 83, 84, 88, 89, 91, 93, 100, 103, 105, 106, 107, 108, 109, 110, 111, 112, 115, 125, 126, 129, 137, 141, 142, 143, 144, 145, 147, 148, 149, 153, 154, 156, 157, 160, 161, 162, 163, 164], "excluded_lines": []}}}, "src/strategies/__init__.py": {"executed_lines": [1], "summary": {"covered_lines": 0, "num_statements": 0, "percent_covered": 100.0, "percent_covered_display": "100", "missing_lines": 0, "excluded_lines": 0}, "missing_lines": [], "excluded_lines": [], "functions": {"": {"executed_lines": [1], "summary": {"covered_lines": 0, "num_statements": 0, "percent_covered": 100.0, "percent_covered_display": "100", "missing_lines": 0, "excluded_lines": 0}, "missing_lines": [], "excluded_lines": []}}, "classes": {"": {"executed_lines": [1], "summary": {"covered_lines": 0, "num_statements": 0, "percent_covered": 100.0, "percent_covered_display": "100", "missing_lines": 0, "excluded_lines": 0}, "missing_lines": [], "excluded_lines": []}}}, "src/strategies/atomic.py": {"executed_lines": [1, 7, 8, 9, 11, 12, 13, 14, 17, 18, 25, 41, 42, 43, 44, 46, 63, 64, 66, 67, 68, 70, 71, 75, 77, 79, 80, 81, 82, 83, 86, 87, 88, 90, 91, 94, 96, 114, 117, 118, 121, 122, 125, 127, 128, 129, 131, 135, 138, 139, 140, 143, 148, 149, 152, 153, 156, 158, 162, 165, 166, 168, 193], "summary": {"covered_lines": 61, "num_statements": 66, "percent_covered": 92.42424242424242, "percent_covered_display": "92", "missing_lines": 5, "excluded_lines": 0}, "missing_lines": [72, 123, 159, 170, 177], "excluded_lines": [], "functions": {"AtomicArbitrageStrategy.__init__": {"executed_lines": [41, 42, 43, 44], "summary": {"covered_lines": 4, "num_statements": 4, "percent_covered": 100.0, "percent_covered_display": "100", "missing_lines": 0, "excluded_lines": 0}, "missing_lines": [], "excluded_lines": []}, "AtomicArbitrageStrategy._calculate_vwap": {"executed_lines": [63, 64, 66, 67, 68, 70, 71, 75, 77, 79, 80, 81, 82, 83, 86, 87, 88, 90, 91, 94], "summary": {"covered_lines": 20, "num_statements": 21, "percent_covered": 95.23809523809524, "percent_covered_display": "95", "missing_lines": 1, "excluded_lines": 0}, "missing_lines": [72], "excluded_lines": []}, "AtomicArbitrageStrategy.check_opportunity": {"executed_lines": [114, 117, 118, 121, 122, 125, 127, 128, 129, 131, 135, 138, 139, 140, 143, 148, 149, 152, 153, 156, 158, 162, 165, 166, 168, 193], "summary": {"covered_lines": 26, "num_statements": 30, "percent_covered": 86.66666666666667, "percent_covered_display": "87", "missing_lines": 4, "excluded_lines": 0}, "missing_lines": [123, 159, 170, 177], "excluded_lines": []}, "": {"executed_lines": [1, 7, 8, 9, 11, 12, 13, 14, 17, 18, 25, 46, 96], "summary": {"covered_lines": 11, "num_statements": 11, "percent_covered": 100.0, "percent_covered_display": "100", "missing_lines": 0, "excluded_lines": 0}, "missing_lines": [], "excluded_lines": []}}, "classes": {"AtomicArbitrageStrategy": {"executed_lines": [41, 42, 43, 44, 63, 64, 66, 67, 68, 70, 71, 75, 77, 79, 80, 81, 82, 83, 86, 87, 88, 90, 91, 94, 114, 117, 118, 121, 122, 125, 127, 128, 129, 131, 135, 138, 139, 140, 143, 148, 149, 152, 153, 156, 158, 162, 165, 166, 168, 193], "summary": {"covered_lines": 50, "num_statements": 55, "percent_covered": 90.9090909090909, "percent_covered_display": "91", "missing_lines": 5, "excluded_lines": 0}, "missing_lines": [72, 123, 159, 170, 177], "excluded_lines": []}, "": {"executed_lines": [1, 7, 8, 9, 11, 12, 13, 14, 17, 18, 25, 46, 96], "summary": {"covered_lines": 11, "num_statements": 11, "percent_covered": 100.0, "percent_covered_display": "100", "missing_lines": 0, "excluded_lines": 0}, "missing_lines": [], "excluded_lines": []}}}, "src/strategies/market_grouper.py": {"executed_lines": [1, 7, 8, 9, 11, 14, 15, 25, 32, 33, 34, 36, 43, 45, 59, 60, 61, 62, 65, 67, 68, 69, 70, 75, 76, 77, 80, 81, 91, 92, 93, 94, 99, 110, 113, 114, 116, 118, 130, 131, 133, 135, 136, 137, 138, 140, 141, 144, 145, 152, 154, 164, 165, 167, 177, 178], "summary": {"covered_lines": 54, "num_statements": 59, "percent_covered": 91.52542372881356, "percent_covered_display": "92", "missing_lines": 5, "excluded_lines": 0}, "missing_lines": [71, 95, 96, 147, 150], "excluded_lines": [], "functions": {"MarketGrouper.__init__": {"executed_lines": [32, 33, 34], "summary": {"covered_lines": 3, "num_statements": 3, "percent_covered": 100.0, "percent_covered_display": "100", "missing_lines": 0, "excluded_lines": 0}, "missing_lines": [], "excluded_lines": []}, "MarketGrouper.get_cached_markets": {"executed_lines": [43], "summary": {"covered_lines": 1, "num_statements": 1, "percent_covered": 100.0, "percent_covered_display": "100", "missing_lines": 0, "excluded_lines": 0}, "missing_lines": [], "excluded_lines": []}, "MarketGrouper.fetch_market_metadata": {"executed_lines": [59, 60, 61, 62, 65, 67, 68, 69, 70, 75, 76, 77, 80, 81, 91, 92, 93, 94, 99, 110, 113, 114, 116], "summary": {"covered_lines": 23, "num_statements": 26, "percent_covered": 88.46153846153847, "percent_covered_display": "88", "missing_lines": 3, "excluded_lines": 0}, "missing_lines": [71, 95, 96], "excluded_lines": []}, "MarketGrouper.group_tokens_by_market": {"executed_lines": [130, 131, 133, 135, 136, 137, 138, 140, 141, 144, 145, 152], "summary": {"covered_lines": 12, "num_statements": 14, "percent_covered": 85.71428571428571, "percent_covered_display": "86", "missing_lines": 2, "excluded_lines": 0}, "missing_lines": [147, 150], "excluded_lines": []}, "MarketGrouper.is_multi_outcome_market": {"executed_lines": [164, 165], "summary": {"covered_lines": 2, "num_statements": 2, "percent_covered": 100.0, "percent_covered_display": "100", "missing_lines": 0, "excluded_lines": 0}, "missing_lines": [], "excluded_lines": []}, "MarketGrouper.get_market_outcomes": {"executed_lines": [177, 178], "summary": {"covered_lines": 2, "num_statements": 2, "percent_covered": 100.0, "percent_covered_display": "100", "missing_lines": 0, "excluded_lines": 0}, "missing_lines": [], "excluded_lines": []}, "": {"executed_lines": [1, 7, 8, 9, 11, 14, 15, 25, 36, 45, 118, 154, 167], "summary": {"covered_lines": 11, "num_statements": 11, "percent_covered": 100.0, "percent_covered_display": "100", "missing_lines": 0, "excluded_lines": 0}, "missing_lines": [], "excluded_lines": []}}, "classes": {"MarketGrouper": {"executed_lines": [32, 33, 34, 43, 59, 60, 61, 62, 65, 67, 68, 69, 70, 75, 76, 77, 80, 81, 91, 92, 93, 94, 99, 110, 113, 114, 116, 130, 131, 133, 135, 136, 137, 138, 140, 141, 144, 145, 152, 164, 165, 177, 178], "summary": {"covered_lines": 43, "num_statements": 48, "percent_covered": 89.58333333333333, "percent_covered_display": "90", "missing_lines": 5, "excluded_lines": 0}, "missing_lines": [71, 95, 96, 147, 150], "excluded_lines": []}, "": {"executed_lines": [1, 7, 8, 9, 11, 14, 15, 25, 36, 45, 118, 154, 167], "summary": {"covered_lines": 11, "num_statements": 11, "percent_covered": 100.0, "percent_covered_display": "100", "missing_lines": 0, "excluded_lines": 0}, "missing_lines": [], "excluded_lines": []}}}, "src/strategies/negrisk.py": {"executed_lines": [1, 9, 10, 11, 13, 23, 24, 38, 54, 55, 56, 57, 59, 74, 75, 84, 85, 86, 88, 89, 93, 95, 97, 98, 99, 100, 101, 104, 105, 106, 108, 110, 112, 122, 124, 133, 148, 150, 151, 152, 154, 156, 172, 175, 178, 180, 182, 193, 194, 196, 197, 199, 215, 216, 219, 220, 226, 228, 229, 231, 232, 234, 235, 237, 238, 242, 243, 245, 257, 260, 263, 266, 267, 270, 273, 286], "summary": {"covered_lines": 74, "num_statements": 77, "percent_covered": 96.1038961038961, "percent_covered_display": "96", "missing_lines": 3, "excluded_lines": 0}, "missing_lines": [90, 221, 239], "excluded_lines": [], "functions": {"NegRiskStrategy.__init__": {"executed_lines": [54, 55, 56, 57], "summary": {"covered_lines": 4, "num_statements": 4, "percent_covered": 100.0, "percent_covered_display": "100", "missing_lines": 0, "excluded_lines": 0}, "missing_lines": [], "excluded_lines": []}, "NegRiskStrategy._calculate_vwap": {"executed_lines": [74, 75, 84, 85, 86, 88, 89, 93, 95, 97, 98, 99, 100, 101, 104, 105, 106, 108, 110, 112, 122, 124], "summary": {"covered_lines": 22, "num_statements": 23, "percent_covered": 95.65217391304348, "percent_covered_display": "96", "missing_lines": 1, "excluded_lines": 0}, "missing_lines": [90], "excluded_lines": []}, "NegRiskStrategy.calculate_total_cost": {"executed_lines": [148, 150, 151, 152, 154], "summary": {"covered_lines": 5, "num_statements": 5, "percent_covered": 100.0, "percent_covered_display": "100", "missing_lines": 0, "excluded_lines": 0}, "missing_lines": [], "excluded_lines": []}, "NegRiskStrategy.calculate_profit": {"executed_lines": [172, 175, 178, 180], "summary": {"covered_lines": 4, "num_statements": 4, "percent_covered": 100.0, "percent_covered_display": "100", "missing_lines": 0, "excluded_lines": 0}, "missing_lines": [], "excluded_lines": []}, "NegRiskStrategy.check_threshold": {"executed_lines": [193, 194, 196, 197], "summary": {"covered_lines": 4, "num_statements": 4, "percent_covered": 100.0, "percent_covered_display": "100", "missing_lines": 0, "excluded_lines": 0}, "missing_lines": [], "excluded_lines": []}, "NegRiskStrategy.check_opportunity": {"executed_lines": [215, 216, 219, 220, 226, 228, 229, 231, 232, 234, 235, 237, 238, 242, 243, 245, 257, 260, 263, 266, 267, 270, 273, 286], "summary": {"covered_lines": 24, "num_statements": 26, "percent_covered": 92.3076923076923, "percent_covered_display": "92", "missing_lines": 2, "excluded_lines": 0}, "missing_lines": [221, 239], "excluded_lines": []}, "": {"executed_lines": [1, 9, 10, 11, 13, 23, 24, 38, 59, 133, 156, 182, 199], "summary": {"covered_lines": 11, "num_statements": 11, "percent_covered": 100.0, "percent_covered_display": "100", "missing_lines": 0, "excluded_lines": 0}, "missing_lines": [], "excluded_lines": []}}, "classes": {"NegRiskStrategy": {"executed_lines": [54, 55, 56, 57, 74, 75, 84, 85, 86, 88, 89, 93, 95, 97, 98, 99, 100, 101, 104, 105, 106, 108, 110, 112, 122, 124, 148, 150, 151, 152, 154, 172, 175, 178, 180, 193, 194, 196, 197, 215, 216, 219, 220, 226, 228, 229, 231, 232, 234, 235, 237, 238, 242, 243, 245, 257, 260, 263, 266, 267, 270, 273, 286], "summary": {"covered_lines": 63, "num_statements": 66, "percent_covered": 95.45454545454545, "percent_covered_display": "95", "missing_lines": 3, "excluded_lines": 0}, "missing_lines": [90, 221, 239], "excluded_lines": []}, "": {"executed_lines": [1, 9, 10, 11, 13, 23, 24, 38, 59, 133, 156, 182, 199], "summary": {"covered_lines": 11, "num_statements": 11, "percent_covered": 100.0, "percent_covered_display": "100", "missing_lines": 0, "excluded_lines": 0}, "missing_lines": [], "excluded_lines": []}}}}, "totals": {"covered_lines": 1643, "num_statements": 2214, "percent_covered": 74.20957542908762, "percent_covered_display": "74", "missing_lines": 571, "excluded_lines": 0}}